2025-03-05 20:02:23,287 - STDOUT - INFO - Attempting to load module from /home/huan/Scripts/menus/musica/music_fuzzy/music_fuzzy_module.py
2025-03-05 20:02:23,347 - STDOUT - INFO - Attempting to load module from /home/huan/Scripts/menus/musica/base_datos/editor_module.py
2025-03-05 20:02:23,356 - STDOUT - INFO - Attempting to load module from /home/huan/Scripts/menus/musica/menu_blogs/menu_blogs_module.py
2025-03-05 20:02:23,499 - STDOUT - INFO - Attempting to load module from /home/huan/Scripts/menus/musica/spotify/spotify_module.py
2025-03-05 20:02:23,524 - STDOUT - INFO - Creando playlist_list
2025-03-05 20:02:23,526 - spotipy.client - DEBUG - Sending GET to https://api.spotify.com/v1/me/ with Params: {} Headers: {'Authorization': 'Bearer BQBapb6opQsPYXhN1dCNiMsdtC8rPcaRHVFCbF-COSvvY5CDJiu-V7YaDlF1YfNaeLA4hJT0eUyYUZ4z-fSPHLcMHWV8rAg39jC2zrdEgmrYaVR28_i_k28AKu-Dut8tLL9vXuUhgzgxVDLHSyHaVvj_DhNXdOiCrBghkW1q5gG_VRV7D-mzOJi4vMga69fTjzVwpYYdM1EtIXmqob3uWL1Zr78i7Jv7qqcX2KyD-N5zh_sFd_tDFmY-SKB5E4GCos6_Jsp5Wqs3cF3igx3dFRZpgxcP3Q', 'Content-Type': 'application/json'} and Body: None 
2025-03-05 20:02:23,527 - urllib3.connectionpool - DEBUG - Starting new HTTPS connection (1): api.spotify.com:443
2025-03-05 20:02:24,242 - urllib3.connectionpool - DEBUG - https://api.spotify.com:443 "GET /v1/me/ HTTP/1.1" 200 None
2025-03-05 20:02:24,242 - spotipy.client - DEBUG - RESULTS: {'display_name': 'pollolpc', 'external_urls': {'spotify': 'https://open.spotify.com/user/pollolpc'}, 'followers': {'href': None, 'total': 5}, 'href': 'https://api.spotify.com/v1/users/pollolpc', 'id': 'pollolpc', 'images': [], 'type': 'user', 'uri': 'spotify:user:pollolpc'}
2025-03-05 20:02:24,242 - STDOUT - INFO - La UI ya está inicializada, saltando init_ui()
2025-03-05 20:02:24,242 - STDOUT - INFO - Comenzando carga de playlists...
2025-03-05 20:02:24,262 - STDOUT - INFO - Playlists cargadas desde cache
2025-03-05 20:02:24,274 - STDOUT - INFO - Attempting to load module from /home/huan/Scripts/menus/musica/conciertos/conciertos_module.py
2025-03-05 20:02:24,277 - STDOUT - INFO - [ConciertosModule] Módulo inicializado. Configure los parámetros y haga clic en 'Buscar en Todos los Servicios'.
2025-03-05 20:02:24,282 - STDOUT - INFO - Attempting to load module from /home/huan/Scripts/menus/musica/calendario/calendar_module.py
2025-03-05 20:02:24,328 - STDOUT - INFO - Conectando a: https://radicale.pollete.duckdns.org
2025-03-05 20:02:24,328 - STDOUT - INFO - Usuario: pollo
2025-03-05 20:02:24,329 - urllib3.connectionpool - DEBUG - Starting new HTTPS connection (1): radicale.pollete.duckdns.org:443
2025-03-05 20:02:24,379 - urllib3.connectionpool - DEBUG - https://radicale.pollete.duckdns.org:443 "PROPFIND / HTTP/1.1" 401 61
2025-03-05 20:02:24,445 - urllib3.connectionpool - DEBUG - https://radicale.pollete.duckdns.org:443 "PROPFIND / HTTP/1.1" 207 180
2025-03-05 20:02:24,470 - urllib3.connectionpool - DEBUG - https://radicale.pollete.duckdns.org:443 "PROPFIND /pollo/ HTTP/1.1" 207 199
2025-03-05 20:02:24,548 - urllib3.connectionpool - DEBUG - https://radicale.pollete.duckdns.org:443 "PROPFIND /pollo/ HTTP/1.1" 207 619
2025-03-05 20:02:24,549 - STDOUT - INFO - Calendarios encontrados: 9
2025-03-05 20:02:24,549 - STDOUT - INFO - Calendario: Diario - URL: https://radicale.pollete.duckdns.org/pollo/25c56f48-f2c2-df82-b219-114ea9654071/
2025-03-05 20:02:24,549 - STDOUT - INFO - Calendario: discos - URL: https://radicale.pollete.duckdns.org/pollo/d1573ec1-e837-6918-1dfe-bc0b6c04681d/
2025-03-05 20:02:24,549 - STDOUT - INFO - Calendario: Eventos - URL: https://radicale.pollete.duckdns.org/pollo/f6ae8fa8-de75-262e-8ff3-2d1382df18e4/
2025-03-05 20:02:24,549 - STDOUT - INFO - Calendario: Personal - URL: https://radicale.pollete.duckdns.org/pollo/957abe1a-c92b-11ee-b607-44af28cddad9/
2025-03-05 20:02:24,549 - STDOUT - INFO - Calendario: pollo/e2e4e951-3599-8f21-de6c-105ec980b1ec - URL: https://radicale.pollete.duckdns.org/pollo/e2e4e951-3599-8f21-de6c-105ec980b1ec/
2025-03-05 20:02:24,549 - STDOUT - INFO - Calendario: Calendario - URL: https://radicale.pollete.duckdns.org/pollo/af5d8449-887b-278d-fbc9-7ba3b05012e4/
2025-03-05 20:02:24,549 - STDOUT - INFO - Calendario: Tareas - URL: https://radicale.pollete.duckdns.org/pollo/7c44de6e-69ac-8496-f46d-d6753c9eab1f/
2025-03-05 20:02:24,549 - STDOUT - INFO - Calendario: Turnos - URL: https://radicale.pollete.duckdns.org/pollo/987a0de8-661b-c19d-41c1-4bd065bc29e0/
2025-03-05 20:02:24,549 - STDOUT - INFO - Calendario: lidarr_calendar - URL: https://radicale.pollete.duckdns.org/pollo/8e6618b8-0413-0e58-e48d-7f737f7ff561/
2025-03-05 20:02:24,583 - urllib3.connectionpool - DEBUG - https://radicale.pollete.duckdns.org:443 "PROPFIND /pollo/ HTTP/1.1" 207 619
2025-03-05 20:02:24,585 - STDOUT - INFO - Buscando eventos entre 2025-03-05 00:00:00 y 2025-03-05 23:59:59.999999
2025-03-05 20:02:24,665 - urllib3.connectionpool - DEBUG - https://radicale.pollete.duckdns.org:443 "REPORT /pollo/25c56f48-f2c2-df82-b219-114ea9654071/ HTTP/1.1" 500 59
2025-03-05 20:02:24,754 - urllib3.connectionpool - DEBUG - https://radicale.pollete.duckdns.org:443 "REPORT /pollo/25c56f48-f2c2-df82-b219-114ea9654071/ HTTP/1.1" 207 86
2025-03-05 20:02:24,755 - STDOUT - INFO - Eventos encontrados: 0
2025-03-05 20:02:24,755 - STDOUT - INFO - Buscando eventos entre 2025-03-05 00:00:00 y 2025-03-05 23:59:59.999999
2025-03-05 20:02:24,855 - urllib3.connectionpool - DEBUG - https://radicale.pollete.duckdns.org:443 "REPORT /pollo/25c56f48-f2c2-df82-b219-114ea9654071/ HTTP/1.1" 500 59
2025-03-05 20:02:24,957 - urllib3.connectionpool - DEBUG - https://radicale.pollete.duckdns.org:443 "REPORT /pollo/25c56f48-f2c2-df82-b219-114ea9654071/ HTTP/1.1" 207 86
2025-03-05 20:02:24,958 - STDOUT - INFO - Eventos encontrados: 0
2025-03-05 20:02:24,966 - STDOUT - INFO - Attempting to load module from /home/huan/Scripts/menus/musica/disco_nuevo/muspy_releases_module.py
2025-03-05 20:02:24,967 - STDOUT - INFO - Attempting to load module from /home/huan/Scripts/menus/musica/modules/modulo_enlaces.py
2025-03-05 20:02:24,970 - musicbrainzngs - DEBUG - set user-agent to MusicReleasesTracker/1.0 python-musicbrainzngs/0.7.1 ( your_email@example.com )
2025-03-05 20:02:24,973 - STDOUT - INFO - Attempting to load module from /home/huan/Scripts/menus/musica/actualizaciones/scripts_module.py
2025-03-05 20:02:24,989 - STDOUT - INFO - Attempting to load module from /home/huan/Scripts/menus/musica/config_editor/config_editor_module.py
2025-03-05 20:02:24,992 - STDOUT - INFO - Error loading module Config Editor: name 'sys' is not defined
2025-03-05 20:02:24,993 - STDERR - ERROR - Traceback (most recent call last):
2025-03-05 20:02:24,993 - STDERR - ERROR -   File "/home/huan/Scripts/menus/musica/music_padre.py", line 106, in load_modules
    spec.loader.exec_module(module)
    ~~~~~~~~~~~~~~~~~~~~~~~^^^^^^^^
2025-03-05 20:02:24,993 - STDERR - ERROR -   File "<frozen importlib._bootstrap_external>", line 1026, in exec_module
2025-03-05 20:02:24,993 - STDERR - ERROR -   File "<frozen importlib._bootstrap>", line 488, in _call_with_frames_removed
2025-03-05 20:02:24,993 - STDERR - ERROR -   File "/home/huan/Scripts/menus/musica/config_editor/config_editor_module.py", line 35, in <module>
    sys.excepthook = exception_hook
    ^^^
2025-03-05 20:02:24,993 - STDERR - ERROR - NameError: name 'sys' is not defined. Did you forget to import 'sys'?
2025-03-05 20:02:48,716 - STDOUT - INFO - Attempting to load module from /home/huan/Scripts/menus/musica/music_fuzzy/music_fuzzy_module.py
2025-03-05 20:02:48,777 - STDOUT - INFO - Attempting to load module from /home/huan/Scripts/menus/musica/base_datos/editor_module.py
2025-03-05 20:02:48,786 - STDOUT - INFO - Attempting to load module from /home/huan/Scripts/menus/musica/menu_blogs/menu_blogs_module.py
2025-03-05 20:02:48,928 - STDOUT - INFO - Attempting to load module from /home/huan/Scripts/menus/musica/spotify/spotify_module.py
2025-03-05 20:02:48,954 - STDOUT - INFO - Creando playlist_list
2025-03-05 20:02:48,956 - spotipy.client - DEBUG - Sending GET to https://api.spotify.com/v1/me/ with Params: {} Headers: {'Authorization': 'Bearer BQBapb6opQsPYXhN1dCNiMsdtC8rPcaRHVFCbF-COSvvY5CDJiu-V7YaDlF1YfNaeLA4hJT0eUyYUZ4z-fSPHLcMHWV8rAg39jC2zrdEgmrYaVR28_i_k28AKu-Dut8tLL9vXuUhgzgxVDLHSyHaVvj_DhNXdOiCrBghkW1q5gG_VRV7D-mzOJi4vMga69fTjzVwpYYdM1EtIXmqob3uWL1Zr78i7Jv7qqcX2KyD-N5zh_sFd_tDFmY-SKB5E4GCos6_Jsp5Wqs3cF3igx3dFRZpgxcP3Q', 'Content-Type': 'application/json'} and Body: None 
2025-03-05 20:02:48,957 - urllib3.connectionpool - DEBUG - Starting new HTTPS connection (1): api.spotify.com:443
2025-03-05 20:02:49,125 - urllib3.connectionpool - DEBUG - https://api.spotify.com:443 "GET /v1/me/ HTTP/1.1" 200 None
2025-03-05 20:02:49,126 - spotipy.client - DEBUG - RESULTS: {'display_name': 'pollolpc', 'external_urls': {'spotify': 'https://open.spotify.com/user/pollolpc'}, 'followers': {'href': None, 'total': 5}, 'href': 'https://api.spotify.com/v1/users/pollolpc', 'id': 'pollolpc', 'images': [], 'type': 'user', 'uri': 'spotify:user:pollolpc'}
2025-03-05 20:02:49,126 - STDOUT - INFO - La UI ya está inicializada, saltando init_ui()
2025-03-05 20:02:49,126 - STDOUT - INFO - Comenzando carga de playlists...
2025-03-05 20:02:49,145 - STDOUT - INFO - Playlists cargadas desde cache
2025-03-05 20:02:49,157 - STDOUT - INFO - Attempting to load module from /home/huan/Scripts/menus/musica/conciertos/conciertos_module.py
2025-03-05 20:02:49,160 - STDOUT - INFO - [ConciertosModule] Módulo inicializado. Configure los parámetros y haga clic en 'Buscar en Todos los Servicios'.
2025-03-05 20:02:49,165 - STDOUT - INFO - Attempting to load module from /home/huan/Scripts/menus/musica/calendario/calendar_module.py
2025-03-05 20:02:49,210 - STDOUT - INFO - Conectando a: https://radicale.pollete.duckdns.org
2025-03-05 20:02:49,210 - STDOUT - INFO - Usuario: pollo
2025-03-05 20:02:49,211 - urllib3.connectionpool - DEBUG - Starting new HTTPS connection (1): radicale.pollete.duckdns.org:443
2025-03-05 20:02:49,268 - urllib3.connectionpool - DEBUG - https://radicale.pollete.duckdns.org:443 "PROPFIND / HTTP/1.1" 401 61
2025-03-05 20:02:49,329 - urllib3.connectionpool - DEBUG - https://radicale.pollete.duckdns.org:443 "PROPFIND / HTTP/1.1" 207 180
2025-03-05 20:02:49,353 - urllib3.connectionpool - DEBUG - https://radicale.pollete.duckdns.org:443 "PROPFIND /pollo/ HTTP/1.1" 207 199
2025-03-05 20:02:49,432 - urllib3.connectionpool - DEBUG - https://radicale.pollete.duckdns.org:443 "PROPFIND /pollo/ HTTP/1.1" 207 619
2025-03-05 20:02:49,433 - STDOUT - INFO - Calendarios encontrados: 9
2025-03-05 20:02:49,433 - STDOUT - INFO - Calendario: Diario - URL: https://radicale.pollete.duckdns.org/pollo/25c56f48-f2c2-df82-b219-114ea9654071/
2025-03-05 20:02:49,433 - STDOUT - INFO - Calendario: discos - URL: https://radicale.pollete.duckdns.org/pollo/d1573ec1-e837-6918-1dfe-bc0b6c04681d/
2025-03-05 20:02:49,433 - STDOUT - INFO - Calendario: Eventos - URL: https://radicale.pollete.duckdns.org/pollo/f6ae8fa8-de75-262e-8ff3-2d1382df18e4/
2025-03-05 20:02:49,433 - STDOUT - INFO - Calendario: Personal - URL: https://radicale.pollete.duckdns.org/pollo/957abe1a-c92b-11ee-b607-44af28cddad9/
2025-03-05 20:02:49,433 - STDOUT - INFO - Calendario: pollo/e2e4e951-3599-8f21-de6c-105ec980b1ec - URL: https://radicale.pollete.duckdns.org/pollo/e2e4e951-3599-8f21-de6c-105ec980b1ec/
2025-03-05 20:02:49,433 - STDOUT - INFO - Calendario: Calendario - URL: https://radicale.pollete.duckdns.org/pollo/af5d8449-887b-278d-fbc9-7ba3b05012e4/
2025-03-05 20:02:49,433 - STDOUT - INFO - Calendario: Tareas - URL: https://radicale.pollete.duckdns.org/pollo/7c44de6e-69ac-8496-f46d-d6753c9eab1f/
2025-03-05 20:02:49,433 - STDOUT - INFO - Calendario: Turnos - URL: https://radicale.pollete.duckdns.org/pollo/987a0de8-661b-c19d-41c1-4bd065bc29e0/
2025-03-05 20:02:49,433 - STDOUT - INFO - Calendario: lidarr_calendar - URL: https://radicale.pollete.duckdns.org/pollo/8e6618b8-0413-0e58-e48d-7f737f7ff561/
2025-03-05 20:02:49,467 - urllib3.connectionpool - DEBUG - https://radicale.pollete.duckdns.org:443 "PROPFIND /pollo/ HTTP/1.1" 207 619
2025-03-05 20:02:49,469 - STDOUT - INFO - Buscando eventos entre 2025-03-05 00:00:00 y 2025-03-05 23:59:59.999999
2025-03-05 20:02:49,555 - urllib3.connectionpool - DEBUG - https://radicale.pollete.duckdns.org:443 "REPORT /pollo/25c56f48-f2c2-df82-b219-114ea9654071/ HTTP/1.1" 500 59
2025-03-05 20:02:49,636 - urllib3.connectionpool - DEBUG - https://radicale.pollete.duckdns.org:443 "REPORT /pollo/25c56f48-f2c2-df82-b219-114ea9654071/ HTTP/1.1" 207 86
2025-03-05 20:02:49,637 - STDOUT - INFO - Eventos encontrados: 0
2025-03-05 20:02:49,637 - STDOUT - INFO - Buscando eventos entre 2025-03-05 00:00:00 y 2025-03-05 23:59:59.999999
2025-03-05 20:02:49,738 - urllib3.connectionpool - DEBUG - https://radicale.pollete.duckdns.org:443 "REPORT /pollo/25c56f48-f2c2-df82-b219-114ea9654071/ HTTP/1.1" 500 59
2025-03-05 20:02:49,841 - urllib3.connectionpool - DEBUG - https://radicale.pollete.duckdns.org:443 "REPORT /pollo/25c56f48-f2c2-df82-b219-114ea9654071/ HTTP/1.1" 207 86
2025-03-05 20:02:49,841 - STDOUT - INFO - Eventos encontrados: 0
2025-03-05 20:02:49,849 - STDOUT - INFO - Attempting to load module from /home/huan/Scripts/menus/musica/disco_nuevo/muspy_releases_module.py
2025-03-05 20:02:49,851 - STDOUT - INFO - Attempting to load module from /home/huan/Scripts/menus/musica/modules/modulo_enlaces.py
2025-03-05 20:02:49,853 - musicbrainzngs - DEBUG - set user-agent to MusicReleasesTracker/1.0 python-musicbrainzngs/0.7.1 ( your_email@example.com )
2025-03-05 20:02:49,856 - STDOUT - INFO - Attempting to load module from /home/huan/Scripts/menus/musica/actualizaciones/scripts_module.py
2025-03-05 20:02:49,872 - STDOUT - INFO - Attempting to load module from /home/huan/Scripts/menus/musica/config_editor/config_editor_module.py
2025-03-05 20:02:55,788 - STDOUT - INFO - Unexpected error in remove_shared_db_path: type object 'QMessageBox' has no attribute 'Yes'
