2025-02-27 18:16:10,348 - INFO - Procesando artist: Folamour (ID: 1)
2025-02-27 18:16:10,670 - INFO - in <ws2:artist>, uncaught attribute type-id
2025-02-27 18:16:10,670 - INFO - in <ws2:area>, uncaught attribute type-id
2025-02-27 18:16:10,671 - INFO - in <ws2:begin-area>, uncaught attribute type-id
2025-02-27 18:16:10,671 - INFO - in <ws2:alias>, uncaught attribute type-id
2025-02-27 18:16:15,677 - ERROR - Error buscando en MusicBrainz: database is locked
2025-02-27 18:17:44,646 - ERROR - Error actualizando la base de datos: no such column: spotify_id
2025-02-27 18:17:44,647 - INFO - Procesando artist: Folamour feat. Mark Borgazzi (ID: 2)
2025-02-27 18:17:44,873 - INFO - in <ws2:artist>, uncaught attribute type-id
2025-02-27 18:17:44,873 - INFO - in <ws2:area>, uncaught attribute type-id
2025-02-27 18:17:44,873 - INFO - in <ws2:begin-area>, uncaught attribute type-id
2025-02-27 18:17:44,873 - INFO - in <ws2:artist>, uncaught attribute type-id
2025-02-27 18:17:44,873 - INFO - in <ws2:area>, uncaught attribute type-id
2025-02-27 18:17:44,873 - INFO - in <ws2:begin-area>, uncaught attribute type-id
2025-02-27 18:17:44,873 - INFO - in <ws2:alias>, uncaught attribute type-id
2025-02-27 18:17:44,873 - INFO - in <ws2:artist>, uncaught attribute type-id
2025-02-27 18:17:44,873 - INFO - in <ws2:area>, uncaught attribute type-id
2025-02-27 18:17:44,873 - INFO - in <ws2:begin-area>, uncaught attribute type-id
2025-02-27 18:17:44,873 - INFO - in <ws2:alias>, uncaught attribute type-id
2025-02-27 18:17:44,874 - INFO - in <ws2:alias>, uncaught attribute type-id
2025-02-27 18:17:44,874 - INFO - in <ws2:alias>, uncaught attribute type-id
2025-02-27 18:17:44,874 - INFO - in <ws2:alias>, uncaught attribute type-id
2025-02-27 18:17:44,874 - INFO - in <ws2:artist>, uncaught attribute type-id
2025-02-27 18:17:44,874 - INFO - in <ws2:area>, uncaught attribute type-id
2025-02-27 18:17:44,874 - INFO - in <ws2:begin-area>, uncaught attribute type-id
2025-02-27 18:17:44,874 - INFO - in <ws2:alias>, uncaught attribute type-id
2025-02-27 18:17:44,874 - INFO - in <ws2:alias>, uncaught attribute type-id
2025-02-27 18:17:44,874 - INFO - in <ws2:alias>, uncaught attribute type-id
2025-02-27 18:17:44,874 - INFO - in <ws2:alias>, uncaught attribute type-id
2025-02-27 18:17:44,874 - INFO - in <ws2:alias>, uncaught attribute type-id
2025-02-27 18:17:44,874 - INFO - in <ws2:alias>, uncaught attribute type-id
2025-02-27 18:17:44,874 - INFO - in <ws2:alias>, uncaught attribute type-id
2025-02-27 18:17:44,874 - INFO - in <ws2:alias>, uncaught attribute type-id
2025-02-27 18:17:44,874 - INFO - in <ws2:alias>, uncaught attribute type-id
2025-02-27 18:17:44,874 - INFO - in <ws2:alias>, uncaught attribute type-id
2025-02-27 18:17:44,874 - INFO - in <ws2:alias>, uncaught attribute type-id
2025-02-27 18:17:44,874 - INFO - in <ws2:alias>, uncaught attribute type-id
2025-02-27 18:17:44,874 - INFO - in <ws2:alias>, uncaught attribute type-id
2025-02-27 18:17:44,874 - INFO - in <ws2:alias>, uncaught attribute type-id
2025-02-27 18:17:49,880 - ERROR - Error buscando en MusicBrainz: database is locked
2025-02-27 18:18:20,633 - INFO - Procesando artist: Folamour feat. Wayne Snow (ID: 3)
2025-02-27 18:18:20,918 - INFO - in <ws2:artist>, uncaught attribute type-id
2025-02-27 18:18:20,918 - INFO - in <ws2:area>, uncaught attribute type-id
2025-02-27 18:18:20,918 - INFO - in <ws2:begin-area>, uncaught attribute type-id
2025-02-27 18:18:20,918 - INFO - in <ws2:artist>, uncaught attribute type-id
2025-02-27 18:18:20,918 - INFO - in <ws2:area>, uncaught attribute type-id
2025-02-27 18:18:20,918 - INFO - in <ws2:begin-area>, uncaught attribute type-id
2025-02-27 18:18:20,919 - INFO - in <ws2:end-area>, uncaught attribute type-id
2025-02-27 18:18:20,919 - INFO - in <ws2:alias>, uncaught attribute type-id
2025-02-27 18:18:20,919 - INFO - in <ws2:artist>, uncaught attribute type-id
2025-02-27 18:18:20,919 - INFO - in <ws2:area>, uncaught attribute type-id
2025-02-27 18:18:20,919 - INFO - in <ws2:begin-area>, uncaught attribute type-id
2025-02-27 18:18:20,919 - INFO - in <ws2:alias>, uncaught attribute type-id
2025-02-27 18:18:20,919 - INFO - in <ws2:artist>, uncaught attribute type-id
2025-02-27 18:18:20,919 - INFO - in <ws2:area>, uncaught attribute type-id
2025-02-27 18:18:20,919 - INFO - in <ws2:begin-area>, uncaught attribute type-id
2025-02-27 18:18:20,919 - INFO - in <ws2:alias>, uncaught attribute type-id
2025-02-27 18:18:20,919 - INFO - in <ws2:alias>, uncaught attribute type-id
2025-02-27 18:18:20,919 - INFO - in <ws2:alias>, uncaught attribute type-id
2025-02-27 18:18:20,919 - INFO - in <ws2:artist>, uncaught attribute type-id
2025-02-27 18:18:20,919 - INFO - in <ws2:area>, uncaught attribute type-id
2025-02-27 18:18:20,919 - INFO - in <ws2:begin-area>, uncaught attribute type-id
2025-02-27 18:18:25,925 - ERROR - Error buscando en MusicBrainz: database is locked
2025-02-27 18:21:25,448 - ERROR - Error actualizando la base de datos: no such column: spotify_id
2025-02-27 18:21:25,449 - INFO - Procesando artist: Folamour feat. Elbi (ID: 4)
2025-02-27 18:21:25,780 - INFO - in <ws2:artist>, uncaught attribute type-id
2025-02-27 18:21:25,780 - INFO - in <ws2:area>, uncaught attribute type-id
2025-02-27 18:21:25,780 - INFO - in <ws2:begin-area>, uncaught attribute type-id
2025-02-27 18:21:25,780 - INFO - in <ws2:artist>, uncaught attribute type-id
2025-02-27 18:21:25,781 - INFO - in <ws2:area>, uncaught attribute type-id
2025-02-27 18:21:25,781 - INFO - in <ws2:begin-area>, uncaught attribute type-id
2025-02-27 18:21:25,781 - INFO - in <ws2:alias>, uncaught attribute type-id
2025-02-27 18:21:25,781 - INFO - in <ws2:artist>, uncaught attribute type-id
2025-02-27 18:21:25,781 - INFO - in <ws2:area>, uncaught attribute type-id
2025-02-27 18:21:25,781 - INFO - in <ws2:artist>, uncaught attribute type-id
2025-02-27 18:21:25,781 - INFO - in <ws2:area>, uncaught attribute type-id
2025-02-27 18:21:30,787 - ERROR - Error buscando en MusicBrainz: database is locked
2025-02-27 18:23:24,369 - INFO - Procesando artist: Faithless (ID: 5)
2025-02-27 18:23:24,619 - INFO - in <ws2:artist>, uncaught attribute type-id
2025-02-27 18:23:24,619 - INFO - in <ws2:area>, uncaught attribute type-id
2025-02-27 18:23:24,619 - INFO - in <ws2:begin-area>, uncaught attribute type-id
2025-02-27 18:23:24,619 - INFO - in <ws2:artist>, uncaught attribute type-id
2025-02-27 18:23:24,619 - INFO - in <ws2:artist>, uncaught attribute type-id
2025-02-27 18:23:24,620 - INFO - in <ws2:begin-area>, uncaught attribute type-id
2025-02-27 18:23:24,620 - INFO - in <ws2:artist>, uncaught attribute type-id
2025-02-27 18:23:24,620 - INFO - in <ws2:area>, uncaught attribute type-id
2025-02-27 18:30:02,257 - INFO - Procesando artist: Faithless (ID: 5)
2025-02-27 18:30:22,557 - ERROR - Error buscando en MusicBrainz: database is locked
2025-02-27 18:30:54,537 - ERROR - Error actualizando la base de datos: no such column: spotify_id
2025-02-27 18:30:54,565 - INFO - Procesando artist: Faithless feat. Suli Breaks (ID: 6)
2025-02-27 18:31:14,842 - ERROR - Error buscando en MusicBrainz: database is locked
2025-02-27 18:31:58,902 - ERROR - Error actualizando la base de datos: no such column: spotify_id
2025-02-27 18:31:58,903 - INFO - Procesando artist: Faithless feat. Nathan Ball (ID: 7)
2025-02-27 18:32:19,243 - ERROR - Error buscando en MusicBrainz: database is locked
2025-02-27 18:33:44,735 - ERROR - Error actualizando la base de datos: no such column: spotify_id
2025-02-27 18:33:44,735 - INFO - Procesando artist: Faithless feat. Gaika (ID: 8)
2025-02-27 18:34:05,012 - ERROR - Error buscando en MusicBrainz: database is locked
2025-02-27 18:34:28,573 - ERROR - Error actualizando la base de datos: no such column: spotify_id
2025-02-27 18:34:28,573 - INFO - Procesando artist: Faithless feat. Caleb Femi & Nathan Ball (ID: 9)
2025-02-27 18:34:48,815 - ERROR - Error buscando en MusicBrainz: database is locked
2025-02-27 18:35:16,731 - ERROR - Error actualizando la base de datos: no such column: spotify_id
2025-02-27 18:35:16,732 - INFO - Procesando artist: Faithless feat. Suli Breaks & Jazzie B (ID: 10)
2025-02-27 18:35:37,091 - ERROR - Error buscando en MusicBrainz: database is locked
2025-02-27 18:36:01,596 - ERROR - Error actualizando la base de datos: no such column: spotify_id
2025-02-27 18:36:01,623 - INFO - Procesando artist: Faithless feat. LSK & Suli Breaks (ID: 11)
2025-02-27 18:36:21,951 - ERROR - Error buscando en MusicBrainz: database is locked
2025-02-27 18:39:49,871 - INFO - Procesando artist: Folamour (ID: 1)
2025-02-27 18:39:50,136 - INFO - in <ws2:artist>, uncaught attribute type-id
2025-02-27 18:39:50,137 - INFO - in <ws2:area>, uncaught attribute type-id
2025-02-27 18:39:50,137 - INFO - in <ws2:begin-area>, uncaught attribute type-id
2025-02-27 18:39:50,137 - INFO - in <ws2:alias>, uncaught attribute type-id
2025-02-27 18:39:55,143 - ERROR - Error buscando en MusicBrainz: database is locked
2025-02-27 18:41:39,347 - ERROR - Error actualizando la base de datos: database is locked
2025-02-27 18:41:39,347 - INFO - Procesando artist: Folamour feat. Mark Borgazzi (ID: 2)
2025-02-27 18:41:39,558 - INFO - in <ws2:artist>, uncaught attribute type-id
2025-02-27 18:41:39,558 - INFO - in <ws2:area>, uncaught attribute type-id
2025-02-27 18:41:39,558 - INFO - in <ws2:begin-area>, uncaught attribute type-id
2025-02-27 18:41:39,558 - INFO - in <ws2:artist>, uncaught attribute type-id
2025-02-27 18:41:39,558 - INFO - in <ws2:area>, uncaught attribute type-id
2025-02-27 18:41:39,558 - INFO - in <ws2:begin-area>, uncaught attribute type-id
2025-02-27 18:41:39,558 - INFO - in <ws2:alias>, uncaught attribute type-id
2025-02-27 18:41:39,558 - INFO - in <ws2:artist>, uncaught attribute type-id
2025-02-27 18:41:39,559 - INFO - in <ws2:area>, uncaught attribute type-id
2025-02-27 18:41:39,559 - INFO - in <ws2:begin-area>, uncaught attribute type-id
2025-02-27 18:41:39,559 - INFO - in <ws2:alias>, uncaught attribute type-id
2025-02-27 18:41:39,559 - INFO - in <ws2:alias>, uncaught attribute type-id
2025-02-27 18:41:39,559 - INFO - in <ws2:alias>, uncaught attribute type-id
2025-02-27 18:41:39,559 - INFO - in <ws2:alias>, uncaught attribute type-id
2025-02-27 18:41:39,559 - INFO - in <ws2:artist>, uncaught attribute type-id
2025-02-27 18:41:39,559 - INFO - in <ws2:area>, uncaught attribute type-id
2025-02-27 18:41:39,559 - INFO - in <ws2:begin-area>, uncaught attribute type-id
2025-02-27 18:41:39,559 - INFO - in <ws2:alias>, uncaught attribute type-id
2025-02-27 18:41:39,559 - INFO - in <ws2:alias>, uncaught attribute type-id
2025-02-27 18:41:39,559 - INFO - in <ws2:alias>, uncaught attribute type-id
2025-02-27 18:41:39,559 - INFO - in <ws2:alias>, uncaught attribute type-id
2025-02-27 18:41:39,559 - INFO - in <ws2:alias>, uncaught attribute type-id
2025-02-27 18:41:39,559 - INFO - in <ws2:alias>, uncaught attribute type-id
2025-02-27 18:41:39,560 - INFO - in <ws2:alias>, uncaught attribute type-id
2025-02-27 18:41:39,560 - INFO - in <ws2:alias>, uncaught attribute type-id
2025-02-27 18:41:39,560 - INFO - in <ws2:alias>, uncaught attribute type-id
2025-02-27 18:41:39,560 - INFO - in <ws2:alias>, uncaught attribute type-id
2025-02-27 18:41:39,560 - INFO - in <ws2:alias>, uncaught attribute type-id
2025-02-27 18:41:39,560 - INFO - in <ws2:alias>, uncaught attribute type-id
2025-02-27 18:41:39,560 - INFO - in <ws2:alias>, uncaught attribute type-id
2025-02-27 18:41:39,560 - INFO - in <ws2:alias>, uncaught attribute type-id
2025-02-27 18:41:44,565 - ERROR - Error buscando en MusicBrainz: database is locked
2025-02-27 18:42:31,088 - ERROR - Error actualizando la base de datos: database is locked
2025-02-27 18:42:31,089 - INFO - Procesando artist: Folamour feat. Wayne Snow (ID: 3)
2025-02-27 18:42:31,350 - INFO - in <ws2:artist>, uncaught attribute type-id
2025-02-27 18:42:31,350 - INFO - in <ws2:area>, uncaught attribute type-id
2025-02-27 18:42:31,350 - INFO - in <ws2:begin-area>, uncaught attribute type-id
2025-02-27 18:42:31,350 - INFO - in <ws2:artist>, uncaught attribute type-id
2025-02-27 18:42:31,350 - INFO - in <ws2:area>, uncaught attribute type-id
2025-02-27 18:42:31,350 - INFO - in <ws2:begin-area>, uncaught attribute type-id
2025-02-27 18:42:31,350 - INFO - in <ws2:end-area>, uncaught attribute type-id
2025-02-27 18:42:31,351 - INFO - in <ws2:alias>, uncaught attribute type-id
2025-02-27 18:42:31,351 - INFO - in <ws2:artist>, uncaught attribute type-id
2025-02-27 18:42:31,351 - INFO - in <ws2:area>, uncaught attribute type-id
2025-02-27 18:42:31,351 - INFO - in <ws2:begin-area>, uncaught attribute type-id
2025-02-27 18:42:31,351 - INFO - in <ws2:alias>, uncaught attribute type-id
2025-02-27 18:42:31,351 - INFO - in <ws2:artist>, uncaught attribute type-id
2025-02-27 18:42:31,351 - INFO - in <ws2:area>, uncaught attribute type-id
2025-02-27 18:42:31,351 - INFO - in <ws2:begin-area>, uncaught attribute type-id
2025-02-27 18:42:31,351 - INFO - in <ws2:alias>, uncaught attribute type-id
2025-02-27 18:42:31,351 - INFO - in <ws2:alias>, uncaught attribute type-id
2025-02-27 18:42:31,351 - INFO - in <ws2:alias>, uncaught attribute type-id
2025-02-27 18:42:31,351 - INFO - in <ws2:artist>, uncaught attribute type-id
2025-02-27 18:42:31,351 - INFO - in <ws2:area>, uncaught attribute type-id
2025-02-27 18:42:31,351 - INFO - in <ws2:begin-area>, uncaught attribute type-id
2025-02-27 18:42:36,357 - ERROR - Error buscando en MusicBrainz: database is locked
2025-02-27 18:43:01,362 - ERROR - Error actualizando la base de datos: database is locked
2025-02-27 18:43:01,363 - INFO - Procesando artist: Folamour feat. Elbi (ID: 4)
2025-02-27 18:43:01,638 - INFO - in <ws2:artist>, uncaught attribute type-id
2025-02-27 18:43:01,638 - INFO - in <ws2:area>, uncaught attribute type-id
2025-02-27 18:43:01,638 - INFO - in <ws2:begin-area>, uncaught attribute type-id
2025-02-27 18:43:01,638 - INFO - in <ws2:artist>, uncaught attribute type-id
2025-02-27 18:43:01,639 - INFO - in <ws2:area>, uncaught attribute type-id
2025-02-27 18:43:01,639 - INFO - in <ws2:begin-area>, uncaught attribute type-id
2025-02-27 18:43:01,639 - INFO - in <ws2:alias>, uncaught attribute type-id
2025-02-27 18:43:01,639 - INFO - in <ws2:artist>, uncaught attribute type-id
2025-02-27 18:43:01,639 - INFO - in <ws2:area>, uncaught attribute type-id
2025-02-27 18:43:01,639 - INFO - in <ws2:artist>, uncaught attribute type-id
2025-02-27 18:43:01,639 - INFO - in <ws2:area>, uncaught attribute type-id
2025-02-27 18:43:06,644 - ERROR - Error buscando en MusicBrainz: database is locked
2025-02-27 18:47:34,730 - INFO - Procesando artist: Faithless feat. LSK & Suli Breaks (ID: 11)
2025-02-27 18:48:00,176 - INFO - Procesando artist: Faithless feat. LSK & Suli Breaks (ID: 11)
2025-02-27 18:49:18,550 - INFO - Procesando artist: Faithless feat. LSK & Suli Breaks (ID: 11)
2025-02-27 18:49:38,773 - ERROR - Error buscando en MusicBrainz: database is locked
2025-02-27 18:50:24,672 - INFO - Procesando artist: Faithless feat. LSK & Suli Breaks (ID: 11)
2025-02-27 18:51:46,654 - INFO - Procesando artist: Faithless feat. LSK & Suli Breaks (ID: 11)
2025-02-27 18:52:06,864 - ERROR - Error buscando en MusicBrainz: database is locked
2025-02-27 18:53:07,594 - INFO - Procesando artist: Faithless feat. LSK & Suli Breaks (ID: 11)
2025-02-27 18:54:10,424 - INFO - Procesando artist: Faithless feat. LSK & Suli Breaks (ID: 11)
2025-02-27 18:54:30,738 - ERROR - Error buscando en MusicBrainz: database is locked
2025-02-27 18:54:37,310 - INFO - Procesando artist: Faithless feat. LSK & Suli Breaks (ID: 11)
2025-02-27 18:54:57,576 - ERROR - Error buscando en MusicBrainz: database is locked
2025-02-27 18:55:16,370 - ERROR - Error actualizando la base de datos: no such column: spotify_id
2025-02-27 18:55:16,370 - INFO - Procesando artist: Faithless feat. Damien Jurado & Suli Breaks (ID: 12)
