2025-02-20 01:44:31,309 - ERROR - No se encontró letra para: Folamour - Christmas Is Only Beautiful in TV Shows
2025-02-20 01:44:32,845 - ERROR - No se encontró letra para: Folamour - Theme for Marie Marvingt
2025-02-20 01:44:34,091 - ERROR - No se encontró letra para: Folamour - Don't Make Me Leave You Again, Girl
2025-02-20 01:44:35,297 - ERROR - No se encontró letra para: Folamour - I Don't Sleep at Night but I Wake Up at 6am
2025-02-20 01:44:36,402 - ERROR - No se encontró letra para: Folamour feat. Mark Borgazzi - I Only Remember You When I Sleep
2025-02-20 01:44:37,609 - ERROR - No se encontró letra para: Folamour - These Are Just Places to Me Now
2025-02-20 01:44:38,880 - ERROR - No se encontró letra para: Folamour - Parfums D'Aurore
2025-02-20 01:44:40,217 - ERROR - No se encontró letra para: Folamour - Intro
2025-02-20 01:44:41,173 - ERROR - No se encontró letra para: Folamour feat. Wayne Snow - Underwater Memories
2025-02-20 01:44:42,449 - ERROR - No se encontró letra para: Folamour feat. Elbi - After Winter Must Come Spring
2025-02-20 01:44:43,513 - ERROR - No se encontró letra para: Folamour - Between the Nights
2025-02-20 01:44:49,323 - ERROR - No se encontró letra para: Faithless - Insomnia (Original radio edit)
2025-02-20 01:44:50,178 - ERROR - No se encontró letra para: Faithless - Insomnia (Moody mix)
2025-02-20 01:44:51,072 - ERROR - No se encontró letra para: Faithless - Insomnia (Tuff mix)
2025-02-20 01:44:52,201 - ERROR - No se encontró letra para: Faithless - Insomnia (Monster radio edit)
2025-02-20 01:45:06,158 - ERROR - No se encontró letra para: Faithless - Salva Mea (Way Out West mix)
2025-02-20 01:45:17,023 - ERROR - No se encontró letra para: Faithless - Insomnia (Moody mix)
2025-02-20 01:46:23,228 - ERROR - No se encontró letra para: Faithless feat. LSK & Suli Breaks - Remember
2025-02-20 01:46:36,745 - ERROR - No se encontró letra para: Fleeting Joys - I Want More Life
2025-02-20 01:46:38,288 - ERROR - No se encontró letra para: Fleeting Joys - Morphine Drip
2025-02-20 01:46:47,397 - ERROR - No se encontró letra para: Fleeting Joys - Young Girls' Fangs
2025-02-20 01:46:52,618 - ERROR - No se encontró letra para: Fleeting Joys - Cross Out My Heart
2025-02-20 01:47:06,133 - ERROR - No se encontró letra para: F.S. Blumm & Nils Frahm - Writing Letters to Myself
2025-02-20 01:47:07,158 - ERROR - No se encontró letra para: F.S. Blumm & Nils Frahm - Wanda Marimba
2025-02-20 01:47:08,141 - ERROR - No se encontró letra para: F.S. Blumm & Nils Frahm - Licht-Teil
2025-02-20 01:47:09,103 - ERROR - No se encontró letra para: F.S. Blumm & Nils Frahm - Heber
2025-02-20 01:47:10,242 - ERROR - No se encontró letra para: F.S. Blumm & Nils Frahm - Sugar Coated Fennel Seeds
2025-02-20 01:47:11,190 - ERROR - No se encontró letra para: F.S. Blumm & Nils Frahm - Onward Onward
2025-02-20 01:47:12,008 - ERROR - No se encontró letra para: F.S. Blumm & Nils Frahm - Kugler
2025-02-20 01:47:12,873 - ERROR - No se encontró letra para: F.S. Blumm & Nils Frahm - Rone Re
2025-02-20 01:47:13,791 - ERROR - No se encontró letra para: F.S. Blumm & Nils Frahm - Lenz
2025-02-20 01:47:14,767 - ERROR - No se encontró letra para: F.S. Blumm & Nils Frahm - Sip Song
2025-02-20 01:47:15,658 - ERROR - No se encontró letra para: F.S. Blumm & Nils Frahm - Pending 2
2025-02-20 01:47:16,481 - ERROR - No se encontró letra para: F.S. Blumm & Nils Frahm - Movements & Meetings
2025-02-20 01:47:17,295 - ERROR - No se encontró letra para: F.S. Blumm & Nils Frahm - B
2025-02-20 01:47:18,329 - ERROR - No se encontró letra para: F.S. Blumm & Nils Frahm - Pending 1
2025-02-20 01:47:19,141 - ERROR - No se encontró letra para: F.S. Blumm & Nils Frahm - Brehm
2025-02-20 01:47:20,064 - ERROR - No se encontró letra para: F.S. Blumm & Nils Frahm - Perff
2025-02-20 01:47:21,087 - ERROR - No se encontró letra para: F.S. Blumm & Nils Frahm - As If
2025-02-20 01:47:21,904 - ERROR - No se encontró letra para: F.S. Blumm & Nils Frahm - I Karussell
2025-02-20 01:47:22,679 - ERROR - No se encontró letra para: F.S. Blumm & Nils Frahm - Ten
2025-02-20 01:47:23,546 - ERROR - No se encontró letra para: F.S. Blumm & Nils Frahm - Old Friends Inst.
2025-02-20 01:47:24,566 - ERROR - No se encontró letra para: F.S. Blumm & Nils Frahm - Silently Sharing
2025-02-20 01:47:25,590 - ERROR - No se encontró letra para: F.S. Blumm & Nils Frahm - Juri
2025-02-20 01:47:26,359 - ERROR - No se encontró letra para: F.S. Blumm & Nils Frahm - Gr 1 B
2025-02-20 01:47:27,236 - ERROR - No se encontró letra para: F.S. Blumm & Nils Frahm - Exercising Levitation
2025-02-20 01:48:09,473 - ERROR - No se encontró letra para: Faten Kanaan - The Archer
2025-02-20 01:48:10,413 - ERROR - No se encontró letra para: Faten Kanaan - Hesperides
2025-02-20 01:48:11,450 - ERROR - No se encontró letra para: Faten Kanaan - Ishtar Terra
2025-02-20 01:48:12,758 - ERROR - No se encontró letra para: Faten Kanaan - The North Wind
2025-02-20 01:48:13,768 - ERROR - No se encontró letra para: Faten Kanaan - Sleepwalker
2025-02-20 01:48:14,535 - ERROR - No se encontró letra para: Faten Kanaan - Rêve-Rivière
2025-02-20 01:48:15,444 - ERROR - No se encontró letra para: Faten Kanaan - Patagonia Motet 2: Andes
2025-02-20 01:48:16,490 - ERROR - No se encontró letra para: Faten Kanaan - The Heron
2025-02-20 01:48:17,554 - ERROR - No se encontró letra para: Faten Kanaan - Mist & Madrigal
2025-02-20 01:48:18,580 - ERROR - No se encontró letra para: Faten Kanaan - Birds of Myrrh
2025-02-20 01:48:19,735 - ERROR - No se encontró letra para: Faten Kanaan - Night Tide / Anteros
2025-02-20 01:48:20,577 - ERROR - No se encontró letra para: Faten Kanaan - Patagonia Motet 1: Lago
2025-02-20 01:48:21,540 - ERROR - No se encontró letra para: Faten Kanaan - Erewhon
2025-02-20 01:48:22,834 - ERROR - No se encontró letra para: Feel Fly - Esperanto
2025-02-20 01:48:23,755 - ERROR - No se encontró letra para: Feel Fly - Il Teorema Del Delirio
2025-02-20 01:48:24,713 - ERROR - No se encontró letra para: Feel Fly - 10.01
2025-02-20 01:48:25,907 - ERROR - No se encontró letra para: Feel Fly - Endless Truth
2025-02-20 01:48:27,033 - ERROR - No se encontró letra para: Feel Fly - Syrius
2025-02-20 01:48:28,265 - ERROR - No se encontró letra para: Feel Fly - Dromo Celeste
2025-02-20 01:48:29,286 - ERROR - No se encontró letra para: Feel Fly - Arpini
2025-02-20 01:48:30,415 - ERROR - No se encontró letra para: Feel Fly - Athēnâ
2025-02-20 01:48:31,337 - ERROR - No se encontró letra para: Feel Fly - Brzone23
2025-02-20 01:48:36,355 - ERROR - No se encontró letra para: F.U.S.E. - Theychx
2025-02-20 01:48:41,678 - ERROR - No se encontró letra para: F.U.S.E. - Logikal Nonsense
2025-02-20 01:48:42,805 - ERROR - No se encontró letra para: F.U.S.E. - Dimension Intrusion
2025-02-20 01:48:47,717 - ERROR - No se encontró letra para: F.U.S.E. - Another Time (Revisited)
2025-02-20 01:49:07,789 - ERROR - No se encontró letra para: F.U.S.E. - Train-Trac.1
2025-02-20 01:49:09,367 - ERROR - No se encontró letra para: F.U.S.E. - Into the Space
2025-02-20 01:49:10,369 - ERROR - No se encontró letra para: F.U.S.E. - NiteDrive
2025-02-20 01:49:44,469 - ERROR - No se encontró letra para: Faunts - Parler De La Pluie Et Du Beau Temps
2025-02-20 01:50:03,103 - ERROR - No se encontró letra para: Faunts - High Expectations
2025-02-20 01:50:04,685 - ERROR - No se encontró letra para: Faunts - Low Results
2025-02-20 01:50:15,278 - ERROR - No se encontró letra para: Frank T - N two kulo 1 pie
2025-02-20 01:50:16,294 - ERROR - No se encontró letra para: Frank T con La Excepción - L cojo, l negro y l gitano
2025-02-20 01:50:17,217 - ERROR - No se encontró letra para: Frank T con Doc K y John Deïdo - Un paso atrás n la humanidad
2025-02-20 01:50:18,448 - ERROR - No se encontró letra para: Frank T con Arianna Puello - Mejor pensar o no
2025-02-20 01:50:36,572 - ERROR - No se encontró letra para: Frank T con ToteKing y SFDK - Muestra de talento
2025-02-20 01:50:45,973 - ERROR - No se encontró letra para: Frank T con Violadores del Verso - Línea d 4
2025-02-20 01:50:51,416 - ERROR - No se encontró letra para: Frank T con Zénit - Verdad
2025-02-20 01:50:56,694 - ERROR - No se encontró letra para: Frank T con Guateque All Stars y Dnoe - Playa
2025-02-20 01:51:15,583 - ERROR - No se encontró letra para: Frank T - Campeón de campeones (instrumental)
2025-02-20 01:51:16,989 - ERROR - No se encontró letra para: Frank De Wulf - The End
2025-02-20 01:51:18,041 - ERROR - No se encontró letra para: Finis Africae - Hybla
2025-02-20 01:51:19,172 - ERROR - No se encontró letra para: Finis Africae - El viento que mece los juncos
2025-02-20 01:51:20,500 - ERROR - No se encontró letra para: Finis Africae - Las reglas de la regata
2025-02-20 01:51:21,444 - ERROR - No se encontró letra para: Finis Africae - Bahía de los Genoveses
2025-02-20 01:51:22,612 - ERROR - No se encontró letra para: Finis Africae - Los restos del naufragio
2025-02-20 01:51:23,377 - ERROR - No se encontró letra para: Finis Africae - Geosinclal
2025-02-20 01:51:24,627 - ERROR - No se encontró letra para: Finis Africae - Managua
2025-02-20 01:51:25,839 - ERROR - No se encontró letra para: Finis Africae - Zoo Zulu
2025-02-20 01:51:26,746 - ERROR - No se encontró letra para: Finis Africae - El pulso de la madera
2025-02-20 01:51:27,877 - ERROR - No se encontró letra para: Finis Africae - El viaje de Iradier
2025-02-20 01:51:28,937 - ERROR - No se encontró letra para: Finis Africae - Costa de la muerte
2025-02-20 01:51:30,299 - ERROR - No se encontró letra para: Finis Africae - El secreto de las 12
2025-02-20 01:51:31,152 - ERROR - No se encontró letra para: Finis Africae - Juana y Rosalía
2025-02-20 01:51:32,384 - ERROR - No se encontró letra para: Finis Africae - Luna
2025-02-20 01:51:33,841 - ERROR - No se encontró letra para: Finis Africae - Petróleo, petróleo
2025-02-20 01:51:34,992 - ERROR - No se encontró letra para: Finis Africae - Alma ata
2025-02-20 01:51:47,944 - ERROR - No se encontró letra para: Fatboy Slim - Song for Lindy
2025-02-20 01:51:49,176 - ERROR - No se encontró letra para: Fatboy Slim - First Down
2025-02-20 01:51:58,642 - ERROR - No se encontró letra para: Fatboy Slim - Santa Cruz
2025-02-20 01:52:04,633 - ERROR - No se encontró letra para: Fatboy Slim - Crenshaw Siren Beats
2025-02-20 01:52:59,316 - ERROR - No se encontró letra para: Fatboy Slim - Lounge Island
2025-02-20 01:53:00,647 - ERROR - No se encontró letra para: Fatboy Slim - Praise You (original version)
2025-02-20 01:53:27,920 - ERROR - No se encontró letra para: Fatboy Slim - Tweakers Delight
2025-02-20 01:53:40,037 - ERROR - No se encontró letra para: Fatboy Slim - Close to Home
2025-02-20 01:53:53,395 - ERROR - No se encontró letra para: Fatboy Slim - What They're Looking For
2025-02-20 01:54:04,034 - ERROR - No se encontró letra para: Fatboy Slim - Song for Chesh
2025-02-20 01:54:20,632 - ERROR - No se encontró letra para: Fatboy Slim - Jin Go Lo Ba (Jon Carter mix)
2025-02-20 01:54:22,288 - ERROR - No se encontró letra para: Fatboy Slim - Push and Shove (acoustic version)
2025-02-20 01:54:26,764 - ERROR - No se encontró letra para: Fatboy Slim - Wonderful Night (Trash remix)
2025-02-20 01:54:27,619 - ERROR - No se encontró letra para: Fatboy Slim - The Joker (Justin Robertson vocal mix)
2025-02-20 01:54:28,709 - ERROR - No se encontró letra para: Fatboy Slim - Slash Dot Dash (DJ Delite)
2025-02-20 01:54:33,540 - ERROR - No se encontró letra para: Fieh - Munni in the Microwave
2025-02-20 01:54:35,167 - ERROR - No se encontró letra para: Fieh - Streamline
2025-02-20 01:54:36,440 - ERROR - No se encontró letra para: Fieh - A.T.T
2025-02-20 01:54:38,064 - ERROR - No se encontró letra para: Fieh - Daylight
2025-02-20 01:54:43,564 - ERROR - No se encontró letra para: Fieh - My Dream
2025-02-20 01:54:44,895 - ERROR - No se encontró letra para: Fieh - Band Aid
2025-02-20 01:54:51,547 - ERROR - No se encontró letra para: Fieh - Drinking Again
2025-02-20 01:54:52,674 - ERROR - No se encontró letra para: Fieh - Full Time (Part Time Allthetime)
2025-02-20 01:54:58,932 - ERROR - No se encontró letra para: Fishmans - LONG SEASON 1
2025-02-20 01:55:00,072 - ERROR - No se encontró letra para: Fishmans - LONG SEASON 3
2025-02-20 01:55:01,211 - ERROR - No se encontró letra para: Fishmans - LONG SEASON 2
2025-02-20 01:55:02,710 - ERROR - No se encontró letra para: Fishmans - LONG SEASON 5
2025-02-20 01:55:03,894 - ERROR - No se encontró letra para: Fishmans - LONG SEASON 4
2025-02-20 01:56:52,481 - ERROR - No se encontró letra para: Function & Vatican Shadow - A Year Has Passed
2025-02-20 01:56:53,612 - ERROR - No se encontró letra para: Function & Vatican Shadow - The Nemesis Flower
2025-02-20 01:56:54,732 - ERROR - No se encontró letra para: Function & Vatican Shadow - A Year Has Gone By
2025-02-20 01:56:55,828 - ERROR - No se encontró letra para: Function & Vatican Shadow - Things Unknown
2025-02-20 01:56:57,160 - ERROR - No se encontró letra para: Function & Vatican Shadow - Things Known
2025-02-20 01:56:58,017 - ERROR - No se encontró letra para: Function & Vatican Shadow - Bejeweled Body
2025-02-20 01:56:59,034 - ERROR - No se encontró letra para: Function & Vatican Shadow - Red Opium
2025-02-20 01:57:00,219 - ERROR - No se encontró letra para: Funki Porcini - 100 Bars
2025-02-20 01:57:01,298 - ERROR - No se encontró letra para: Funki Porcini - Take Me to It
2025-02-20 01:57:02,179 - ERROR - No se encontró letra para: Funki Porcini - 317 Lasers Und Counting
2025-02-20 01:57:03,134 - ERROR - No se encontró letra para: Funki Porcini - Swimming With Eels
2025-02-20 01:57:04,166 - ERROR - No se encontró letra para: Funki Porcini - Tune on Turn in Drop Off
2025-02-20 01:57:05,392 - ERROR - No se encontró letra para: Funki Porcini - Da Solo Alla Fine
2025-02-20 01:57:06,310 - ERROR - No se encontró letra para: Funki Porcini - Steve McQueen Is Stuck in Traffic
2025-02-20 01:57:07,440 - ERROR - No se encontró letra para: Funki Porcini - A Nice Dream While It Lasted
2025-02-20 01:57:08,462 - ERROR - No se encontró letra para: Funki Porcini - Pammera
2025-02-20 01:57:09,685 - ERROR - No se encontró letra para: Funki Porcini - The Road to Somewhere
2025-02-20 01:57:10,526 - ERROR - No se encontró letra para: Funki Porcini - Off the Shoulder of Orion
2025-02-20 01:57:11,527 - ERROR - No se encontró letra para: Floating Points, Pharoah Sanders & London Symphony Orchestra - Promises: Movement 4
2025-02-20 01:57:12,754 - ERROR - No se encontró letra para: Floating Points, Pharoah Sanders & London Symphony Orchestra - Promises: Movement 8
2025-02-20 01:57:14,017 - ERROR - No se encontró letra para: Floating Points, Pharoah Sanders & London Symphony Orchestra - Promises: Movement 2
2025-02-20 01:57:15,218 - ERROR - No se encontró letra para: Floating Points, Pharoah Sanders & London Symphony Orchestra - Promises: Movement 7
2025-02-20 01:57:16,244 - ERROR - No se encontró letra para: Floating Points, Pharoah Sanders & London Symphony Orchestra - Promises: Movement 9
2025-02-20 01:57:17,479 - ERROR - No se encontró letra para: Floating Points, Pharoah Sanders & London Symphony Orchestra - Promises: Movement 6
2025-02-20 01:57:18,697 - ERROR - No se encontró letra para: Floating Points, Pharoah Sanders & London Symphony Orchestra - Promises: Movement 1
2025-02-20 01:57:19,827 - ERROR - No se encontró letra para: Floating Points, Pharoah Sanders & London Symphony Orchestra - Promises: Movement 3
2025-02-20 01:57:21,563 - ERROR - No se encontró letra para: Floating Points, Pharoah Sanders & London Symphony Orchestra - Promises: Movement 5
2025-02-20 01:57:25,659 - ERROR - No se encontró letra para: Four Tet - SW9 9SL
2025-02-20 01:57:26,929 - ERROR - No se encontró letra para: Four Tet - Two Thousand and Seventeen
2025-02-20 01:57:28,116 - ERROR - No se encontró letra para: Four Tet - 10 Midi
2025-02-20 01:57:29,347 - ERROR - No se encontró letra para: Four Tet - Memories
2025-02-20 01:57:33,749 - ERROR - No se encontró letra para: Four Tet - LA Trance
2025-02-20 01:57:35,080 - ERROR - No se encontró letra para: Four Tet - Gentle Soul
2025-02-20 01:57:40,619 - ERROR - No se encontró letra para: Four Tet - You Are Loved
2025-02-20 01:57:42,328 - ERROR - No se encontró letra para: Four Tet - Lush
2025-02-20 01:57:46,723 - ERROR - No se encontró letra para: Four Tet - Scientists
2025-02-20 01:57:48,022 - ERROR - No se encontró letra para: Four Tet - Alap
2025-02-20 01:57:49,321 - ERROR - No se encontró letra para: Four Tet - This Unfolds
2025-02-20 01:57:50,470 - ERROR - No se encontró letra para: Four Tet - Reversing
2025-02-20 01:57:52,190 - ERROR - No se encontró letra para: Four Tet - Sing
2025-02-20 01:57:57,562 - ERROR - No se encontró letra para: Four Tet - Pablo’s Heart
2025-02-20 01:58:07,140 - ERROR - No se encontró letra para: Four Tet - She Just Likes to Fight
2025-02-20 01:58:08,575 - ERROR - No se encontró letra para: Four Tet - Circling
2025-02-20 01:58:09,803 - ERROR - No se encontró letra para: Four Tet - Parallel 4
2025-02-20 01:58:11,076 - ERROR - No se encontró letra para: Four Tet - Parallel 7
2025-02-20 01:58:12,456 - ERROR - No se encontró letra para: Four Tet - Parallel 3
2025-02-20 01:58:13,771 - ERROR - No se encontró letra para: Four Tet - Parallel 10
2025-02-20 01:58:14,871 - ERROR - No se encontró letra para: Four Tet - Parallel 5
2025-02-20 01:58:15,839 - ERROR - No se encontró letra para: Four Tet - Parallel 6
2025-02-20 01:58:17,072 - ERROR - No se encontró letra para: Four Tet - Parallel 8
2025-02-20 01:58:21,890 - ERROR - No se encontró letra para: Four Tet - Parallel 2
2025-02-20 01:58:22,950 - ERROR - No se encontró letra para: Four Tet - Parallel 9
2025-02-20 01:58:23,974 - ERROR - No se encontró letra para: Four Tet - Ocoras
2025-02-20 01:58:25,267 - ERROR - No se encontró letra para: Four Tet - Locked
2025-02-20 01:58:30,716 - ERROR - No se encontró letra para: Four Tet - Peace for Earth
2025-02-20 01:58:32,195 - ERROR - No se encontró letra para: Four Tet - 128 Harps
2025-02-20 01:58:33,406 - ERROR - No se encontró letra para: Four Tet - Pinnacles
2025-02-20 01:58:34,896 - ERROR - No se encontró letra para: Four Tet - Lion
2025-02-20 01:58:36,111 - ERROR - No se encontró letra para: Four Tet - Jupiters
2025-02-20 01:58:37,336 - ERROR - No se encontró letra para: Four Tet - Glue of the World
2025-02-20 01:58:38,580 - ERROR - No se encontró letra para: Four Tet - Everything Is Alright
2025-02-20 01:58:39,805 - ERROR - No se encontró letra para: Four Tet - Twenty Three
2025-02-20 01:58:40,981 - ERROR - No se encontró letra para: Four Tet - Parks
2025-02-20 01:58:42,323 - ERROR - No se encontró letra para: Four Tet - Tangle
2025-02-20 01:58:43,795 - ERROR - No se encontró letra para: Four Tet - Harmony One
2025-02-20 01:58:44,855 - ERROR - No se encontró letra para: Four Tet - Hilarious Movie of the 90's
2025-02-20 01:58:46,358 - ERROR - No se encontró letra para: Four Tet - Untangle
2025-02-20 01:58:47,596 - ERROR - No se encontró letra para: Four Tet - Leila Came Round and We Watched a Video
2025-02-20 01:58:55,916 - ERROR - No se encontró letra para: Four Tet - You Could Ruin My Day
2025-02-20 01:58:57,445 - ERROR - No se encontró letra para: Four Tet - Bubbles at Overlook 25th March 2019
2025-02-20 01:58:58,573 - ERROR - No se encontró letra para: Four Tet - Hi Hello
2025-02-20 01:59:04,917 - ERROR - No se encontró letra para: Four Tet - Harpsichord
2025-02-20 01:59:06,225 - ERROR - No se encontró letra para: Four Tet - 1993 Band Practice
2025-02-20 01:59:07,494 - ERROR - No se encontró letra para: Four Tet - Insect Near Piha Beach
2025-02-20 01:59:08,784 - ERROR - No se encontró letra para: Four Tet - 4T Recordings
2025-02-20 01:59:10,259 - ERROR - No se encontró letra para: Four Tet - ISTM
2025-02-20 01:59:11,755 - ERROR - No se encontró letra para: Four Tet - This Is for You
2025-02-20 01:59:13,075 - ERROR - No se encontró letra para: Four Tet - Green
2025-02-20 01:59:14,354 - ERROR - No se encontró letra para: Four Tet - Love Salad
2025-02-20 01:59:15,745 - ERROR - No se encontró letra para: Four Tet - School
2025-02-20 01:59:16,884 - ERROR - No se encontró letra para: Four Tet - Romantics
2025-02-20 01:59:17,897 - ERROR - No se encontró letra para: Four Tet - Teenage Birdsong
2025-02-20 01:59:19,439 - ERROR - No se encontró letra para: Four Tet - Something in the Sadness
2025-02-20 01:59:28,354 - ERROR - No se encontró letra para: Farley Jackmaster Funk & Jesse Saunders - Dub Can't Turn Around
2025-02-20 01:59:29,343 - ERROR - No se encontró letra para: Fela Kuti & Roy Ayers - 2,000 Blacks Got to Be Free
2025-02-20 01:59:30,395 - ERROR - No se encontró letra para: Fela Kuti & Roy Ayers - Africa - Centre of the World
2025-02-20 01:59:35,614 - ERROR - No se encontró letra para: Fuck Buttons - Bright Tomorrow
2025-02-20 01:59:36,865 - ERROR - No se encontró letra para: Fuck Buttons - Race You to My Bedroom / Spirit Rise
2025-02-20 01:59:38,386 - ERROR - No se encontró letra para: Fuck Buttons - Okay, Let’s Talk About Magic
2025-02-20 01:59:39,428 - ERROR - No se encontró letra para: Fuck Buttons - Ribs Out
2025-02-20 01:59:40,653 - ERROR - No se encontró letra para: Fuck Buttons - Colours Move
2025-02-20 01:59:41,748 - ERROR - No se encontró letra para: Fuck Buttons - The Red Wing
2025-02-20 01:59:42,649 - ERROR - No se encontró letra para: Fuck Buttons - Hidden XS
2025-02-20 01:59:43,805 - ERROR - No se encontró letra para: Fuck Buttons - Prince’s Prize
2025-02-20 01:59:44,829 - ERROR - No se encontró letra para: Fuck Buttons - Sentients
2025-02-20 01:59:45,981 - ERROR - No se encontró letra para: Fuck Buttons - Stalker
2025-02-20 01:59:47,116 - ERROR - No se encontró letra para: Fuck Buttons - Brainfreeze
2025-02-20 01:59:48,511 - ERROR - No se encontró letra para: Fuck Buttons - Year of the Dog
2025-02-20 01:59:49,640 - ERROR - No se encontró letra para: Fuck Buttons - Space Mountain
2025-02-20 01:59:51,385 - ERROR - No se encontró letra para: Fuck Buttons - Flight of the Feathered Serpent
2025-02-20 01:59:52,504 - ERROR - No se encontró letra para: Fuck Buttons - Rough Steez
2025-02-20 01:59:53,740 - ERROR - No se encontró letra para: Fuck Buttons - The Lisbon Maru
2025-02-20 01:59:54,965 - ERROR - No se encontró letra para: Fuck Buttons - Surf Solar
2025-02-20 01:59:56,105 - ERROR - No se encontró letra para: Fuck Buttons - Olympians
2025-02-20 01:59:57,188 - ERROR - No se encontró letra para: Fuck Buttons - Phantom Limb
2025-02-20 01:59:58,269 - ERROR - No se encontró letra para: Fuck Buttons - Surf Solar (7 inch Edit)
2025-02-20 01:59:59,270 - ERROR - No se encontró letra para: Fuck Buttons - Sweet Love For Planet Earth (Andrew Weatherall Remix)
2025-02-20 02:00:00,618 - ERROR - No se encontró letra para: Fuck Buttons - New Crossbow
2025-02-20 02:00:01,675 - ERROR - No se encontró letra para: The Floaters - Everything Happens for a Reason
2025-02-20 02:00:02,928 - ERROR - No se encontró letra para: The Floaters - Float On (long version)
2025-02-20 02:00:08,842 - ERROR - No se encontró letra para: The Floaters - Got to Find a Way
2025-02-20 02:00:21,259 - ERROR - No se encontró letra para: The Floaters - I Am So Glad I Took My Time
2025-02-20 02:00:22,388 - ERROR - No se encontró letra para: Fennesz + Ryuichi Sakamoto - 0318
2025-02-20 02:00:23,429 - ERROR - No se encontró letra para: Fennesz + Ryuichi Sakamoto - 0322
2025-02-20 02:00:24,555 - ERROR - No se encontró letra para: Fennesz + Ryuichi Sakamoto - 0320
2025-02-20 02:00:25,478 - ERROR - No se encontró letra para: Fennesz + Ryuichi Sakamoto - 0327
2025-02-20 02:00:26,308 - ERROR - No se encontró letra para: Fennesz + Ryuichi Sakamoto - 0324
2025-02-20 02:00:27,269 - ERROR - No se encontró letra para: Fennesz + Ryuichi Sakamoto - 0325
2025-02-20 02:00:28,143 - ERROR - No se encontró letra para: Fennesz + Ryuichi Sakamoto - 0404
2025-02-20 02:00:28,967 - ERROR - No se encontró letra para: Fennesz + Ryuichi Sakamoto - 0401
2025-02-20 02:00:29,881 - ERROR - No se encontró letra para: Fennesz + Ryuichi Sakamoto - 0330
2025-02-20 02:00:30,696 - ERROR - No se encontró letra para: Fennesz + Ryuichi Sakamoto - 0328
2025-02-20 02:00:31,599 - ERROR - No se encontró letra para: Fennesz + Ryuichi Sakamoto - 0402
2025-02-20 02:00:32,648 - ERROR - No se encontró letra para: Fennesz + Ryuichi Sakamoto - 0319
2025-02-20 02:00:33,671 - ERROR - No se encontró letra para: Fennesz + Ryuichi Sakamoto - 0409
2025-02-20 02:00:34,515 - ERROR - No se encontró letra para: Fennesz + Ryuichi Sakamoto - 0417
2025-02-20 02:00:35,624 - ERROR - No se encontró letra para: Fennesz + Ryuichi Sakamoto - 0425
2025-02-20 02:00:36,445 - ERROR - No se encontró letra para: Fennesz + Ryuichi Sakamoto - 0428
2025-02-20 02:00:37,562 - ERROR - No se encontró letra para: Fennesz + Ryuichi Sakamoto - 0405
2025-02-20 02:00:38,585 - ERROR - No se encontró letra para: Fennesz + Ryuichi Sakamoto - 0407
2025-02-20 02:00:39,609 - ERROR - No se encontró letra para: Fennesz + Ryuichi Sakamoto - 0429
2025-02-20 02:00:40,442 - ERROR - No se encontró letra para: Fennesz + Ryuichi Sakamoto - 0423
2025-02-20 02:00:41,454 - ERROR - No se encontró letra para: Fennesz + Ryuichi Sakamoto - 0419
2025-02-20 02:00:42,375 - ERROR - No se encontró letra para: Fennesz + Ryuichi Sakamoto - 0424
2025-02-20 02:00:43,721 - ERROR - No se encontró letra para: Fennesz + Ryuichi Sakamoto - 0415
2025-02-20 02:00:44,626 - ERROR - No se encontró letra para: Fennesz + Ryuichi Sakamoto - 0411
2025-02-20 02:00:45,546 - ERROR - No se encontró letra para: Fennesz + Ryuichi Sakamoto - Kuni
2025-02-20 02:00:46,469 - ERROR - No se encontró letra para: Fennesz + Ryuichi Sakamoto - Aware
2025-02-20 02:00:47,302 - ERROR - No se encontró letra para: Fennesz + Ryuichi Sakamoto - Kokoro
2025-02-20 02:00:48,210 - ERROR - No se encontró letra para: Fennesz + Ryuichi Sakamoto - Oto
2025-02-20 02:00:49,253 - ERROR - No se encontró letra para: Fennesz + Ryuichi Sakamoto - Amorph
2025-02-20 02:00:50,157 - ERROR - No se encontró letra para: Fennesz + Ryuichi Sakamoto - Trace
2025-02-20 02:00:51,281 - ERROR - No se encontró letra para: Fennesz + Ryuichi Sakamoto - Mono
2025-02-20 02:00:52,103 - ERROR - No se encontró letra para: Fennesz + Ryuichi Sakamoto - Glow
2025-02-20 02:00:53,297 - ERROR - No se encontró letra para: Fennesz + Ryuichi Sakamoto - Cendre
2025-02-20 02:00:54,559 - ERROR - No se encontró letra para: Fennesz + Ryuichi Sakamoto - Abyss
2025-02-20 02:00:55,499 - ERROR - No se encontró letra para: Fennesz + Ryuichi Sakamoto - Haru
2025-02-20 02:00:56,713 - ERROR - No se encontró letra para: Floating Points - Thin Air
2025-02-20 02:00:57,946 - ERROR - No se encontró letra para: Floating Points - Peroration Six
2025-02-20 02:00:59,067 - ERROR - No se encontró letra para: Floating Points - Argenté
2025-02-20 02:01:00,609 - ERROR - No se encontró letra para: Floating Points - Nespole
2025-02-20 02:01:01,833 - ERROR - No se encontró letra para: Floating Points - Elaenia
2025-02-20 02:01:03,062 - ERROR - No se encontró letra para: Floating Points - Silhouettes (I, II & III)
2025-02-20 02:01:04,295 - ERROR - No se encontró letra para: Floating Points - For Marmish
2025-02-20 02:01:05,527 - ERROR - No se encontró letra para: Floating Points - LesAlpx
2025-02-20 02:01:06,627 - ERROR - No se encontró letra para: Floating Points - Apoptose, Pt. 2
2025-02-20 02:01:07,667 - ERROR - No se encontró letra para: Floating Points - Apoptose, Pt. 1
2025-02-20 02:01:09,000 - ERROR - No se encontró letra para: Floating Points - Environments
2025-02-20 02:01:10,226 - ERROR - No se encontró letra para: Floating Points - Requiem for CS70 and Strings
2025-02-20 02:01:11,663 - ERROR - No se encontró letra para: Floating Points - Karakul
2025-02-20 02:01:13,094 - ERROR - No se encontró letra para: Floating Points - Bias
2025-02-20 02:01:14,027 - ERROR - No se encontró letra para: Floating Points - Anasickmodular
2025-02-20 02:01:15,255 - ERROR - No se encontró letra para: Floating Points - Sea-Watch
2025-02-20 02:01:16,479 - ERROR - No se encontró letra para: Floating Points - Falaise
2025-02-20 02:01:17,903 - ERROR - No se encontró letra para: Floating Points - Birth
2025-02-20 02:01:19,241 - ERROR - No se encontró letra para: Floating Points - Last Bloom
2025-02-20 02:01:20,679 - ERROR - No se encontró letra para: Floating Points - Nuits Sonores
2025-02-20 02:01:22,006 - ERROR - No se encontró letra para: Floating Points - Nectarines
2025-02-20 02:01:23,336 - ERROR - No se encontró letra para: Fat Larry’s Band - Easy
2025-02-20 02:01:28,367 - ERROR - No se encontró letra para: Fat Larry’s Band - Time
2025-02-20 02:01:29,790 - ERROR - No se encontró letra para: Fat Larry’s Band - I Love You So
2025-02-20 02:01:30,912 - ERROR - No se encontró letra para: Fat Larry’s Band - Castle of Joy
2025-02-20 02:01:32,038 - ERROR - No se encontró letra para: Fat Larry’s Band - Sparkle
2025-02-20 02:01:33,298 - ERROR - No se encontró letra para: Fat Larry’s Band - In the Pocket
2025-02-20 02:01:39,011 - ERROR - No se encontró letra para: Fat Larry’s Band - Passing Time
2025-02-20 02:01:40,231 - ERROR - No se encontró letra para: Fat Larry’s Band - House Party
2025-02-20 02:01:41,473 - ERROR - No se encontró letra para: Fat Larry’s Band - Act Like You Know (instrumental)
2025-02-20 02:01:42,691 - ERROR - No se encontró letra para: Fat Larry’s Band - Breakin' Out
2025-02-20 02:01:48,317 - ERROR - No se encontró letra para: Fat Larry’s Band - Get Down, Get Funky
2025-02-20 02:01:53,134 - ERROR - No se encontró letra para: Fat Larry’s Band - Video
2025-02-20 02:01:58,667 - ERROR - No se encontró letra para: Fat Larry’s Band - Zoom (radio mix)
2025-02-20 02:02:00,104 - ERROR - No se encontró letra para: Fat Larry’s Band - Act Like You Know (radio mix)
2025-02-20 02:02:11,107 - ERROR - No se encontró letra para: Frank Zappa - Waka/Jawaka
2025-02-20 02:02:12,385 - ERROR - No se encontró letra para: Frank Zappa - Big Swifty
2025-02-20 02:02:23,755 - ERROR - No se encontró letra para: Francis Harris - Me to Drift
2025-02-20 02:02:33,079 - ERROR - No se encontró letra para: Francis Harris - What She Had
2025-02-20 02:02:34,091 - ERROR - No se encontró letra para: Francis Harris - Radiofreeze
2025-02-20 02:02:40,569 - ERROR - No se encontró letra para: Francis Harris - New Rain
2025-02-20 02:02:41,404 - ERROR - No se encontró letra para: Francis Harris - Dangerdream
2025-02-20 02:02:45,358 - ERROR - No se encontró letra para: Francis Harris - Hems
2025-02-20 02:02:46,688 - ERROR - No se encontró letra para: Floating World Pictures - Til Dusk, at Devran
2025-02-20 02:02:47,609 - ERROR - No se encontró letra para: Floating World Pictures - From 23 Views of Sai Kung Hoi (Day One)
2025-02-20 02:02:48,644 - ERROR - No se encontró letra para: Floating World Pictures - Overmorrow, Monchan
2025-02-20 02:02:49,805 - ERROR - No se encontró letra para: Floating World Pictures - The Village Headman Pleading With the Old Ferryman
2025-02-20 02:02:50,902 - ERROR - No se encontró letra para: Floating World Pictures - Gokarna to Hampi, After Dark
2025-02-20 02:02:52,015 - ERROR - No se encontró letra para: Floating World Pictures - Salt-Wind Rises at the Waterfront Promenade
2025-02-20 02:02:53,001 - ERROR - No se encontró letra para: Floating World Pictures - Bura Boro
2025-02-20 02:02:54,367 - ERROR - No se encontró letra para: Floating World Pictures - Fairbairn's Floating World
2025-02-20 02:02:55,654 - ERROR - No se encontró letra para: Flyying Colours - Goodbye to Music
2025-02-20 02:02:56,726 - ERROR - No se encontró letra para: Flyying Colours - Oh
2025-02-20 02:02:57,982 - ERROR - No se encontró letra para: Flyying Colours - Never Forget
2025-02-20 02:02:59,078 - ERROR - No se encontró letra para: Flyying Colours - I Live in a Small Town
2025-02-20 02:03:00,137 - ERROR - No se encontró letra para: Flyying Colours - Hit the Road
2025-02-20 02:03:01,231 - ERROR - No se encontró letra para: Flyying Colours - Long Distance
2025-02-20 02:03:02,262 - ERROR - No se encontró letra para: Flyying Colours - Bright Lights
2025-02-20 02:03:03,633 - ERROR - No se encontró letra para: Flyying Colours - Do You Feel the Same?
2025-02-20 02:03:04,995 - ERROR - No se encontró letra para: Flyying Colours - Modern Dreams
2025-02-20 02:03:23,282 - ERROR - No se encontró letra para: FACS - Class Spectre
2025-02-20 02:03:32,821 - ERROR - No se encontró letra para: Fennesz - Agora
2025-02-20 02:03:34,204 - ERROR - No se encontró letra para: Fennesz - We Trigger the Sun
2025-02-20 02:03:35,329 - ERROR - No se encontró letra para: Fennesz - In My Room
2025-02-20 02:03:36,397 - ERROR - No se encontró letra para: Fennesz - Rainfall
2025-02-20 02:03:37,482 - ERROR - No se encontró letra para: Fennesz - Nympha
2025-02-20 02:03:41,024 - ERROR - No se encontró letra para: Fennesz + Ryuichi Sakamoto - Aware
2025-02-20 02:03:42,043 - ERROR - No se encontró letra para: Fennesz - AUN40
2025-02-20 02:03:43,117 - ERROR - No se encontró letra para: Fennesz - Himitsu
2025-02-20 02:03:44,964 - ERROR - No se encontró letra para: Fennesz - Euclides
2025-02-20 02:03:45,779 - ERROR - No se encontró letra para: Fennesz - AUN80
2025-02-20 02:03:46,307 - ERROR - No se encontró letra para: Fennesz + Ryuichi Sakamoto - Trace
2025-02-20 02:03:47,835 - ERROR - No se encontró letra para: Fennesz - Sekai
2025-02-20 02:03:49,061 - ERROR - No se encontró letra para: Fennesz - Hikari
2025-02-20 02:03:57,806 - ERROR - No se encontró letra para: Fennesz - Kae
2025-02-20 02:03:58,600 - ERROR - No se encontró letra para: Fennesz - Sasazuka
2025-02-20 02:03:59,206 - ERROR - No se encontró letra para: Fennesz + Ryuichi Sakamoto - Haru
2025-02-20 02:04:00,504 - ERROR - No se encontró letra para: Fennesz - Saffron Revolution
2025-02-20 02:04:01,585 - ERROR - No se encontró letra para: Fennesz - Black Sea
2025-02-20 02:04:02,881 - ERROR - No se encontró letra para: Fennesz - Perfume for Winter
2025-02-20 02:04:04,213 - ERROR - No se encontró letra para: Fennesz - Grey Scale
2025-02-20 02:04:05,447 - ERROR - No se encontró letra para: Fennesz - The Colour of Three
2025-02-20 02:04:06,690 - ERROR - No se encontró letra para: Fennesz - Glass Ceiling
2025-02-20 02:04:07,806 - ERROR - No se encontró letra para: Fennesz - Vacuum
2025-02-20 02:04:08,942 - ERROR - No se encontró letra para: Fennesz - Glide
2025-02-20 02:04:10,111 - ERROR - No se encontró letra para: Fennesz - Endless Summer
2025-02-20 02:04:11,306 - ERROR - No se encontró letra para: Fennesz - Made in Hong Kong
2025-02-20 02:04:12,603 - ERROR - No se encontró letra para: Fennesz - Caecilia
2025-02-20 02:04:13,636 - ERROR - No se encontró letra para: Fennesz - Shisheido
2025-02-20 02:04:14,775 - ERROR - No se encontró letra para: Fennesz - A Year in a Minute
2025-02-20 02:04:15,884 - ERROR - No se encontró letra para: Fennesz - Got to Move On
2025-02-20 02:04:17,009 - ERROR - No se encontró letra para: Fennesz - Happy Audio
2025-02-20 02:04:18,145 - ERROR - No se encontró letra para: Fennesz - Before I Leave
2025-02-20 02:04:19,264 - ERROR - No se encontró letra para: Fennesz - The Liar
2025-02-20 02:04:20,718 - ERROR - No se encontró letra para: Fennesz - Sav
2025-02-20 02:04:21,931 - ERROR - No se encontró letra para: Fennesz - Bécs
2025-02-20 02:04:23,262 - ERROR - No se encontró letra para: Fennesz - Static Kings
2025-02-20 02:04:24,687 - ERROR - No se encontró letra para: Fennesz - Paroles
2025-02-20 02:04:25,632 - ERROR - No se encontró letra para: Fennesz - Liminality
2025-02-20 02:04:26,746 - ERROR - No se encontró letra para: Fennesz - Pallas Athene
2025-02-20 02:05:19,472 - ERROR - No se encontró letra para: Föllakzoid - V - III
2025-02-20 02:05:20,245 - ERROR - No se encontró letra para: Föllakzoid - V - I
2025-02-20 02:05:21,112 - ERROR - No se encontró letra para: Föllakzoid - V - II
2025-02-20 02:05:21,930 - ERROR - No se encontró letra para: Föllakzoid - V - IIII
2025-02-20 02:09:20,233 - ERROR - No se encontró letra para: Rosa Anschütz - Scratch to Cash
2025-02-20 02:09:21,251 - ERROR - No se encontró letra para: Rosa Anschütz - Diopter
2025-02-20 02:09:22,071 - ERROR - No se encontró letra para: Rosa Anschütz - Intro
2025-02-20 02:09:26,979 - ERROR - No se encontró letra para: Roy Montgomery - Departing the Body
2025-02-20 02:09:28,315 - ERROR - No se encontró letra para: Roy Montgomery - The Soul Quietens
2025-02-20 02:09:29,659 - ERROR - No se encontró letra para: Roy Montgomery - Above the Canopy
2025-02-20 02:09:30,885 - ERROR - No se encontró letra para: Roy Montgomery - The Passage of Forms
2025-02-20 02:09:31,897 - ERROR - No se encontró letra para: Roy Montgomery - She Waits on Temple IV
2025-02-20 02:09:32,916 - ERROR - No se encontró letra para: Roy Montgomery - Jaguar Meets Snake
2025-02-20 02:09:34,047 - ERROR - No se encontró letra para: Roy Montgomery - Jaguar Unseen
2025-02-20 02:09:35,168 - ERROR - No se encontró letra para: Red Snapper - Tremble
2025-02-20 02:09:36,297 - ERROR - No se encontró letra para: Red Snapper - B Planet
2025-02-20 02:09:37,489 - ERROR - No se encontró letra para: Red Snapper - Travis Bickle
2025-02-20 02:09:38,656 - ERROR - No se encontró letra para: Red Snapper - Tarzan
2025-02-20 02:09:39,984 - ERROR - No se encontró letra para: Red Snapper - The Warp and The Weft
2025-02-20 02:09:41,116 - ERROR - No se encontró letra para: Red Snapper - Truth 1
2025-02-20 02:09:42,170 - ERROR - No se encontró letra para: Red Snapper - Black Sea
2025-02-20 02:09:43,371 - ERROR - No se encontró letra para: Red Snapper - Equals
2025-02-20 02:09:44,454 - ERROR - No se encontró letra para: Red Snapper - Out of Focus
2025-02-20 02:09:45,520 - ERROR - No se encontró letra para: Red Snapper - Futurist
2025-02-20 02:09:46,862 - ERROR - No se encontró letra para: Red Snapper - Resist, Exist
2025-02-20 02:09:48,006 - ERROR - No se encontró letra para: Red Snapper - Detach
2025-02-20 02:09:49,633 - ERROR - No se encontró letra para: Red Snapper - Albert's Day Off
2025-02-20 02:09:50,739 - ERROR - No se encontró letra para: Red Snapper - Fat Chance
2025-02-20 02:09:52,083 - ERROR - No se encontró letra para: Red Snapper - Super Ego
2025-02-20 02:09:52,992 - ERROR - No se encontró letra para: Roy Davis Jr. feat. Peven Everett - Gabriel (M-Beat edit)
2025-02-20 02:09:53,910 - ERROR - No se encontró letra para: Roy Davis Jr. feat. Peven Everett - Gabriel (live garage version)
2025-02-20 02:09:54,855 - ERROR - No se encontró letra para: Roy Davis Jr. feat. Peven Everett - Gabriel (Path to Heaven mix)
2025-02-20 02:09:56,160 - ERROR - No se encontró letra para: Roy Davis Jr. feat. Peven Everett - Gabriel (live garage edit)
2025-02-20 02:09:57,042 - ERROR - No se encontró letra para: Roy Davis Jr. feat. Peven Everett - Gabriel (M-Beat mix)
2025-02-20 02:09:58,220 - ERROR - No se encontró letra para: Rapoon - Condensed Nightmares
2025-02-20 02:09:59,370 - ERROR - No se encontró letra para: Rapoon - Bakelite Blues
2025-02-20 02:10:00,667 - ERROR - No se encontró letra para: Rapoon - Blood on the Plains of Persia
2025-02-20 02:10:01,898 - ERROR - No se encontró letra para: Rapoon - Welcome to the Space Age
2025-02-20 02:10:02,894 - ERROR - No se encontró letra para: Rapoon - Chromium Dreams (Return)
2025-02-20 02:10:03,847 - ERROR - No se encontró letra para: Rapoon - Chromium Dreams
2025-02-20 02:10:05,170 - ERROR - No se encontró letra para: Rapoon - The Voice Beneath
2025-02-20 02:10:06,452 - ERROR - No se encontró letra para: Rapoon - The Paranoia of Abstraction
2025-02-20 02:10:07,470 - ERROR - No se encontró letra para: Rapoon - Stealth Coming
2025-02-20 02:10:08,555 - ERROR - No se encontró letra para: Rafael Lechowski -  Bobby Blue - 7. To late for tears
2025-02-20 02:10:09,626 - ERROR - No se encontró letra para: Rafael Lechowski -  Bobby Blue - 20. It's All Over
2025-02-20 02:10:10,467 - ERROR - No se encontró letra para: Rafael Lechowski -  Bobby Blue - 4. This time i'm gone for good
2025-02-20 02:10:11,573 - ERROR - No se encontró letra para: Rafael Lechowski -  Bobby Blue - 12. 3 o'clock Blues
2025-02-20 02:10:12,548 - ERROR - No se encontró letra para: Rafael Lechowski -  Bobby Blue - 5. I'm on my way
2025-02-20 02:10:13,483 - ERROR - No se encontró letra para: Rafael Lechowski -  Bobby Blue - 19. Lead me on
2025-02-20 02:10:14,592 - ERROR - No se encontró letra para: Rafael Lechowski -  Bobby Blue - 2. Ask 'bout nothing but the b
2025-02-20 02:10:15,416 - ERROR - No se encontró letra para: Rafael Lechowski -  Bobby Blue - 6. Dear Bobby (The note)
2025-02-20 02:10:16,333 - ERROR - No se encontró letra para: Rafael Lechowski -  Bobby Blue - 15. Help me through the day
2025-02-20 02:10:17,359 - ERROR - No se encontró letra para: Rafael Lechowski -  Bobby Blue - 11. I've been wrong so long
2025-02-20 02:10:18,494 - ERROR - No se encontró letra para: Rafael Lechowski -  Bobby Blue - 13. Stormy monday Blues
2025-02-20 02:10:19,407 - ERROR - No se encontró letra para: Rafael Lechowski -  Bobby Blue - 17. Lovin' on barrowed time
2025-02-20 02:10:20,644 - ERROR - No se encontró letra para: Rafael Lechowski -  Bobby Blue - 8. St. James Infirmary
2025-02-20 02:10:21,560 - ERROR - No se encontró letra para: Rafael Lechowski -  Bobby Blue - 22. Twenty-four hour blues
2025-02-20 02:10:22,420 - ERROR - No se encontró letra para: Rafael Lechowski -  Bobby Blue - 10. How does a cheatin' feel
2025-02-20 02:10:23,508 - ERROR - No se encontró letra para: Rafael Lechowski -  Bobby Blue - 1. I'll take care of you (Yo cuidaré de ti)
2025-02-20 02:10:24,524 - ERROR - No se encontró letra para: Rafael Lechowski -  Bobby Blue - 21. Where do i go from here
2025-02-20 02:10:25,347 - ERROR - No se encontró letra para: Rafael Lechowski -  Bobby Blue - 14. Ain't no love in the heart of the city
2025-02-20 02:10:26,373 - ERROR - No se encontró letra para: Rafael Lechowski -  Bobby Blue - 3. Deep in my soul
2025-02-20 02:10:27,218 - ERROR - No se encontró letra para: Rafael Lechowski -  Bobby Blue - 18. Five long years
2025-02-20 02:10:28,222 - ERROR - No se encontró letra para: Rafael Lechowski -  Bobby Blue - 9. Blind Man
2025-02-20 02:10:29,140 - ERROR - No se encontró letra para: Rafael Lechowski -  Bobby Blue - 16. The end of the road
2025-02-20 02:10:30,318 - ERROR - No se encontró letra para: Resavoir - Intro
2025-02-20 02:10:35,255 - ERROR - No se encontró letra para: Resavoir - Illusion
2025-02-20 02:10:36,482 - ERROR - No se encontró letra para: Resavoir - Plantasy
2025-02-20 02:10:37,741 - ERROR - No se encontró letra para: Resavoir - Woah
2025-02-20 02:10:38,885 - ERROR - No se encontró letra para: Resavoir - Clouds
2025-02-20 02:10:40,918 - ERROR - No se encontró letra para: Resavoir - Resavoir
2025-02-20 02:10:42,445 - ERROR - No se encontró letra para: Resavoir feat. Brandee Younger - Taking Flight
2025-02-20 02:13:33,907 - ERROR - No se encontró letra para: Rocio Zavala - Want Without One
2025-02-20 02:13:35,103 - ERROR - No se encontró letra para: Rocio Zavala - Light Body
2025-02-20 02:13:36,235 - ERROR - No se encontró letra para: Rocio Zavala - Warp Space
2025-02-20 02:13:37,251 - ERROR - No se encontró letra para: Rocio Zavala - Root Drone
2025-02-20 02:13:38,380 - ERROR - No se encontró letra para: Rocio Zavala - How Much Matter
2025-02-20 02:13:39,604 - ERROR - No se encontró letra para: Rocio Zavala - Interparalis
2025-02-20 02:13:40,444 - ERROR - No se encontró letra para: Rocio Zavala - Looming Over Azra
2025-02-20 02:13:41,444 - ERROR - No se encontró letra para: Rocio Zavala - Blue Violet
2025-02-20 02:13:42,569 - ERROR - No se encontró letra para: Robert Rich & Lustmord - Elemental Trigger
2025-02-20 02:13:43,548 - ERROR - No se encontró letra para: Robert Rich & Lustmord - A Point of No Return
2025-02-20 02:13:44,725 - ERROR - No se encontró letra para: Robert Rich & Lustmord - Omnipresent Boundary
2025-02-20 02:13:46,121 - ERROR - No se encontró letra para: Robert Rich & Lustmord - Delusion Fields
2025-02-20 02:13:47,074 - ERROR - No se encontró letra para: Robert Rich & Lustmord - Undulating Terrain
2025-02-20 02:13:48,000 - ERROR - No se encontró letra para: Robert Rich & Lustmord - Synergistic Perceptions
2025-02-20 02:13:48,954 - ERROR - No se encontró letra para: Robert Rich & Lustmord - Hidden Refuge
2025-02-20 02:13:49,944 - ERROR - No se encontró letra para: Roy Ayers, Adrian Younge & Ali Shaheed Muhammad - Shadows of The East
2025-02-20 02:14:00,050 - ERROR - No se encontró letra para: Roy Ayers, Adrian Younge & Ali Shaheed Muhammad - Gravity
2025-02-20 02:14:01,291 - ERROR - No se encontró letra para: Roy Ayers, Adrian Younge & Ali Shaheed Muhammad - Solace
2025-02-20 02:14:02,374 - ERROR - No se encontró letra para: Roy Ayers, Adrian Younge & Ali Shaheed Muhammad - Sunflowers
2025-02-20 02:14:59,474 - ERROR - No se encontró letra para: Roberta Flack - Know That We're Made for Each Other
2025-02-20 02:17:27,969 - ERROR - No se encontró letra para: Roy Hargrove Quintet - Bring It on Home to Me
2025-02-20 02:17:29,003 - ERROR - No se encontró letra para: Roy Hargrove Quintet - Brown
2025-02-20 02:17:30,024 - ERROR - No se encontró letra para: Roy Hargrove Quintet - Divine
2025-02-20 02:17:31,086 - ERROR - No se encontró letra para: Roy Hargrove Quintet - Strasbourg / St. Denis
2025-02-20 02:17:32,772 - ERROR - No se encontró letra para: Roy Hargrove Quintet - I'm Not So Sure
2025-02-20 02:17:33,814 - ERROR - No se encontró letra para: Roy Hargrove Quintet - Starmaker
2025-02-20 02:17:34,828 - ERROR - No se encontró letra para: Roy Hargrove Quintet - Rouge
2025-02-20 02:17:35,861 - ERROR - No se encontró letra para: Roy Hargrove Quintet - Speak Low
2025-02-20 02:17:37,071 - ERROR - No se encontró letra para: Roy Hargrove Quintet - The Stinger
2025-02-20 02:17:37,991 - ERROR - No se encontró letra para: Roy Hargrove Quintet - Style
2025-02-20 02:17:38,926 - ERROR - No se encontró letra para: Roy Hargrove Quintet - Mr. Clean
2025-02-20 02:17:42,108 - ERROR - No se encontró letra para: Roy Hargrove Quintet - To Wisdom the Prize
2025-02-20 02:17:43,235 - ERROR - No se encontró letra para: Roy Hargrove Quintet - Joy Is Sorrow Unmasked
2025-02-20 02:17:44,346 - ERROR - No se encontró letra para: Ryuichi Sakamoto - The Last Emperor
2025-02-20 02:17:45,159 - ERROR - No se encontró letra para: Ryuichi Sakamoto - Plankton
2025-02-20 02:17:46,533 - ERROR - No se encontró letra para: Ryuichi Sakamoto - Monster 2
2025-02-20 02:17:47,522 - ERROR - No se encontró letra para: Ryuichi Sakamoto - 20220302
2025-02-20 02:17:49,380 - ERROR - No se encontró letra para: Ryuichi Sakamoto - hwit
2025-02-20 02:17:50,404 - ERROR - No se encontró letra para: Ryuichi Sakamoto - 20220207
2025-02-20 02:17:51,527 - ERROR - No se encontró letra para: Ryuichi Sakamoto - Aqua
2025-02-20 02:17:52,640 - ERROR - No se encontró letra para: Ryuichi Sakamoto - hibari
2025-02-20 02:17:53,881 - ERROR - No se encontró letra para: Ryuichi Sakamoto - Monster 1
2025-02-20 02:17:55,152 - ERROR - No se encontró letra para: Relative - The Healing Place
2025-02-20 02:18:12,300 - ERROR - No se encontró letra para: Röyksopp - Röyksopp Forever
2025-02-20 02:18:32,891 - ERROR - No se encontró letra para: Röyksopp - Silver Cruiser
2025-02-20 02:18:43,543 - ERROR - No se encontró letra para: Rhyze - Do Your Dance
2025-02-20 02:18:49,265 - ERROR - No se encontró letra para: Rhyze - Relax and Enjoy
2025-02-20 02:18:50,459 - ERROR - No se encontró letra para: Rhyze - I Found Love on You
2025-02-20 02:18:51,722 - ERROR - No se encontró letra para: Rhyze - Singing and Dancing
2025-02-20 02:18:57,585 - ERROR - No se encontró letra para: Rhyze - Just How Sweet Is Your Love
2025-02-20 02:20:10,109 - ERROR - No se encontró letra para: Russian Circles - Asa
2025-02-20 02:20:11,494 - ERROR - No se encontró letra para: Russian Circles - Vorel
2025-02-20 02:20:12,760 - ERROR - No se encontró letra para: Russian Circles - Overboard
2025-02-20 02:20:13,904 - ERROR - No se encontró letra para: Russian Circles - Afrika
2025-02-20 02:20:15,453 - ERROR - No se encontró letra para: Russian Circles - Mota
2025-02-20 02:20:16,625 - ERROR - No se encontró letra para: Russian Circles - Calla
2025-02-20 02:20:17,744 - ERROR - No se encontró letra para: Russian Circles - Lisboa
2025-02-20 02:20:19,090 - ERROR - No se encontró letra para: Russian Circles - Harper Lewis
2025-02-20 02:20:20,309 - ERROR - No se encontró letra para: Russian Circles - Campaign
2025-02-20 02:20:21,338 - ERROR - No se encontró letra para: Russian Circles - Xavii
2025-02-20 02:20:22,568 - ERROR - No se encontró letra para: Russian Circles - Station
2025-02-20 02:20:23,681 - ERROR - No se encontró letra para: Russian Circles - Youngblood
2025-02-20 02:20:24,927 - ERROR - No se encontró letra para: Russian Circles - Verses
2025-02-20 02:20:26,204 - ERROR - No se encontró letra para: Russian Circles - Malko
2025-02-20 02:20:27,539 - ERROR - No se encontró letra para: Russian Circles - Geneva
2025-02-20 02:20:28,912 - ERROR - No se encontró letra para: Russian Circles - Fathom
2025-02-20 02:20:30,173 - ERROR - No se encontró letra para: Russian Circles - Philos
2025-02-20 02:20:31,879 - ERROR - No se encontró letra para: Russian Circles - When the Mountain Comes to Muhammad
2025-02-20 02:20:33,318 - ERROR - No se encontró letra para: Russian Circles - Melee
2025-02-20 02:20:34,638 - ERROR - No se encontró letra para: Russian Circles - Hexed All
2025-02-20 02:20:35,686 - ERROR - No se encontró letra para: Roly Porter - Ix
2025-02-20 02:20:36,581 - ERROR - No se encontró letra para: Roly Porter - Kaitain
2025-02-20 02:20:44,774 - ERROR - No se encontró letra para: Roly Porter - Tleilax
2025-02-20 02:20:57,660 - ERROR - No se encontró letra para: Roly Porter - Giedi Prime
2025-02-20 02:21:03,630 - ERROR - No se encontró letra para: Roly Porter - Hessra
2025-02-20 02:21:04,547 - ERROR - No se encontró letra para: Roly Porter - Al Dhanab
2025-02-20 02:21:05,221 - ERROR - No se encontró letra para: Roly Porter - Ix
2025-02-20 02:21:06,286 - ERROR - No se encontró letra para: Roly Porter - Arrakis
2025-02-20 02:21:15,172 - ERROR - No se encontró letra para: Roly Porter - Assembly
2025-02-20 02:21:16,232 - ERROR - No se encontró letra para: Roly Porter - Kistvaen
2025-02-20 02:21:17,557 - ERROR - No se encontró letra para: Roly Porter - An Open Door
2025-02-20 02:21:18,582 - ERROR - No se encontró letra para: Roly Porter - Inflation Field
2025-02-20 02:21:19,643 - ERROR - No se encontró letra para: Roly Porter - Passage
2025-02-20 02:21:20,951 - ERROR - No se encontró letra para: Roly Porter - Departure Stage
2025-02-20 02:21:22,121 - ERROR - No se encontró letra para: Roly Porter - In Flight
2025-02-20 02:21:23,600 - ERROR - No se encontró letra para: Roly Porter - High Places
2025-02-20 02:21:24,931 - ERROR - No se encontró letra para: Roly Porter - Mass
2025-02-20 02:21:26,556 - ERROR - No se encontró letra para: Roly Porter - 4101
2025-02-20 02:21:28,103 - ERROR - No se encontró letra para: Roly Porter - Known Space
2025-02-20 02:21:29,533 - ERROR - No se encontró letra para: Roly Porter - Blind Blackening
2025-02-20 02:21:30,965 - ERROR - No se encontró letra para: Roly Porter - In System
2025-02-20 02:21:32,020 - ERROR - No se encontró letra para: Roly Porter - Giant
2025-02-20 02:21:33,214 - ERROR - No se encontró letra para: Roly Porter - Gravity
2025-02-20 02:21:38,742 - ERROR - No se encontró letra para: Roly Porter - Cloud
2025-02-20 02:23:56,898 - ERROR - No se encontró letra para: Róisín Murphy - Prelude to Love in the Making
2025-02-20 02:24:08,932 - ERROR - No se encontró letra para: Folamour - Christmas Is Only Beautiful in TV Shows
2025-02-20 02:24:09,749 - ERROR - No se encontró letra para: Folamour - Theme for Marie Marvingt
2025-02-20 02:24:10,579 - ERROR - No se encontró letra para: Folamour - Don't Make Me Leave You Again, Girl
2025-02-20 02:24:11,523 - ERROR - No se encontró letra para: Folamour - I Don't Sleep at Night but I Wake Up at 6am
2025-03-29 16:48:59,259 - ERROR - No se encontró letra para: Brian Eno - Cascade
2025-03-29 16:49:02,126 - ERROR - No se encontró letra para: Brian Eno - The Dawn of Everything
2025-03-29 16:49:04,755 - ERROR - No se encontró letra para: Brian Eno - Fragmented Film
2025-03-29 16:49:07,233 - ERROR - No se encontró letra para: Brian Eno - North Side
2025-03-29 16:49:10,362 - ERROR - No se encontró letra para: Brian Eno - Gorgeous Night
2025-03-29 16:49:13,018 - ERROR - No se encontró letra para: Brian Eno - Material World
2025-03-29 16:49:15,467 - ERROR - No se encontró letra para: Brian Eno - Lonely Semi-Jazz
2025-03-29 16:49:18,094 - ERROR - No se encontró letra para: Brian Eno - Lamented Jazz
2025-03-29 16:49:20,797 - ERROR - No se encontró letra para: Brian Eno - Dark Harbour
2025-03-29 16:49:23,890 - ERROR - No se encontró letra para: Brian Eno - Friendly Reactor Near Menacing Forest
2025-03-29 16:49:26,636 - ERROR - No se encontró letra para: Brian Eno - The Understory
2025-03-29 16:49:28,958 - ERROR - No se encontró letra para: Bela Fleck, Zakir Hussain, Edgar Meyer - Owl’s Misfortune
2025-03-29 16:49:31,156 - ERROR - No se encontró letra para: Bela Fleck, Zakir Hussain, Edgar Meyer - Hidden Lake
2025-03-29 16:49:33,417 - ERROR - No se encontró letra para: Bela Fleck, Zakir Hussain, Edgar Meyer - Pashto
2025-03-29 16:49:35,408 - ERROR - No se encontró letra para: Bela Fleck, Zakir Hussain, Edgar Meyer - J Bhai
2025-03-29 16:49:38,393 - ERROR - No se encontró letra para: Bela Fleck, Zakir Hussain, Edgar Meyer - Conundrum
2025-03-29 16:49:40,429 - ERROR - No se encontró letra para: Bela Fleck, Zakir Hussain, Edgar Meyer - Tradewinds Bengali
2025-03-29 16:49:42,780 - ERROR - No se encontró letra para: Bela Fleck, Zakir Hussain, Edgar Meyer - Rickety Karma
2025-03-29 16:49:45,340 - ERROR - No se encontró letra para: Bela Fleck, Zakir Hussain, Edgar Meyer - The B Tune
2025-03-29 16:49:47,901 - ERROR - No se encontró letra para: Bela Fleck, Zakir Hussain, Edgar Meyer - Beast in the Garden
2025-03-29 16:49:50,068 - ERROR - No se encontró letra para: Bela Fleck, Zakir Hussain, Edgar Meyer - As We Speak
2025-03-29 16:49:53,016 - ERROR - No se encontró letra para: Bela Fleck, Zakir Hussain, Edgar Meyer - 1980
2025-03-29 16:49:55,046 - ERROR - No se encontró letra para: Bela Fleck, Zakir Hussain, Edgar Meyer - Motion
2025-03-29 16:50:02,850 - ERROR - No se encontró letra para: Plaid - Seph
2025-03-29 16:50:22,923 - ERROR - No se encontró letra para: Plaid - Forever
2025-03-29 16:50:25,896 - ERROR - No se encontró letra para: Plaid - Lat
2025-03-29 16:50:40,024 - ERROR - No se encontró letra para: Plaid - Abla Eedio
2025-03-29 16:50:42,507 - ERROR - No se encontró letra para: Plaid - Undoneson
2025-03-29 16:50:50,879 - ERROR - No se encontró letra para: Plaid - Spudink
2025-03-29 16:50:53,341 - ERROR - No se encontró letra para: Plaid - Fer
2025-03-29 16:50:56,104 - ERROR - No se encontró letra para: Plaid - Getting
2025-03-29 16:50:58,147 - ERROR - No se encontró letra para: Plaid - Kortisin
2025-03-29 16:51:33,987 - ERROR - No se encontró letra para: Suso Sáiz - Tarde De Agosto 2019
2025-03-29 16:51:36,241 - ERROR - No se encontró letra para: Suso Sáiz - Purple Trains
2025-03-29 16:51:38,702 - ERROR - No se encontró letra para: Suso Sáiz - Looking You In Silence
2025-03-29 16:51:41,559 - ERROR - No se encontró letra para: Suso Sáiz - If I Close My Eyes
2025-03-29 16:51:43,923 - ERROR - No se encontró letra para: Suso Sáiz - Vertidos & Songs
2025-03-29 16:51:46,687 - ERROR - No se encontró letra para: Suso Sáiz - Paseando El Encierro
2025-03-29 16:51:48,848 - ERROR - No se encontró letra para: Suso Sáiz - Resonance Necklace
2025-03-29 16:51:51,018 - ERROR - No se encontró letra para: Suso Sáiz - Sweet Instability
2025-03-29 16:51:53,562 - ERROR - No se encontró letra para: Suso Sáiz - Changes And Reality
2025-03-29 16:51:56,089 - ERROR - No se encontró letra para: Suso Sáiz - Brushed Thoughts
2025-03-29 16:51:58,897 - ERROR - No se encontró letra para: Suso Sáiz - Inside The Egg
2025-03-29 16:52:01,413 - ERROR - No se encontró letra para: Suso Sáiz - When I Sleep
2025-03-29 16:52:04,115 - ERROR - No se encontró letra para: Suso Sáiz - Floating Into The Avalanche
2025-03-29 16:52:06,655 - ERROR - No se encontró letra para: Suso Sáiz - Watching Walk
2025-03-29 16:52:09,535 - ERROR - No se encontró letra para: Suso Sáiz - Two Souls
2025-03-29 16:52:11,970 - ERROR - No se encontró letra para: Suso Sáiz - El Espejo
2025-03-29 16:52:14,277 - ERROR - No se encontró letra para: Suso Sáiz - Outskirts
2025-03-29 16:52:17,100 - ERROR - No se encontró letra para: Suso Sáiz - Abrazo 2020
2025-03-29 16:52:50,690 - ERROR - No se encontró letra para: clipping. - Simple Degradation (Plucks 14-18) (with Bitpanic)
2025-03-29 16:52:59,904 - ERROR - No se encontró letra para: clipping. - Simple Degradation (Plucks 1-13) (with Bitpanic)
2025-03-29 16:53:15,778 - ERROR - No se encontró letra para: clipping. - Malleus (with Nels Cline)
2025-03-29 16:54:09,941 - ERROR - No se encontró letra para: Tim Koh - The Maybes Are Endless
2025-03-29 16:54:12,548 - ERROR - No se encontró letra para: Tim Koh - Twice
2025-03-29 16:54:14,784 - ERROR - No se encontró letra para: Tim Koh - How They Made It
2025-03-29 16:54:16,987 - ERROR - No se encontró letra para: Tim Koh - Drawing To Relax And Pass The Time
2025-03-29 16:54:19,576 - ERROR - No se encontró letra para: Tim Koh - Today Only Happens Once
2025-03-29 16:54:21,826 - ERROR - No se encontró letra para: Tim Koh - Moments Of Joy
2025-03-29 16:54:24,174 - ERROR - No se encontró letra para: Tim Koh - Besafe Airtel
2025-03-29 16:54:27,051 - ERROR - No se encontró letra para: Tim Koh - Yume-No-Yume
2025-03-29 16:54:29,437 - ERROR - No se encontró letra para: Tim Koh - A Lead Balloon
2025-03-29 16:54:32,110 - ERROR - No se encontró letra para: Tim Koh - Can't Stand In The Past
2025-03-29 16:54:34,729 - ERROR - No se encontró letra para: Tim Koh - Old Plates And Desirable Traits
2025-03-29 16:54:37,086 - ERROR - No se encontró letra para: Tim Koh - Lemongrass Citronella
2025-03-29 16:54:39,461 - ERROR - No se encontró letra para: Tim Koh - Sandalwood In The Summer
2025-03-29 16:54:42,297 - ERROR - No se encontró letra para: Tim Koh - Somewhere In Time
2025-03-29 16:54:45,221 - ERROR - No se encontró letra para: Tim Koh - Incense Holder
2025-03-29 16:54:47,734 - ERROR - No se encontró letra para: Tim Koh - Expected To Fade
2025-03-29 16:54:50,607 - ERROR - No se encontró letra para: Tim Koh - Bye Bye Betty
2025-03-29 16:54:53,367 - ERROR - No se encontró letra para: Tim Koh - Salt And Sugar Look The Same
2025-03-29 16:54:56,131 - ERROR - No se encontró letra para: Stomu Yamash'ta - Metempsychosis II
2025-03-29 16:54:58,279 - ERROR - No se encontró letra para: Stomu Yamash'ta - Metempsychosis I
2025-03-29 16:55:00,509 - ERROR - No se encontró letra para: Sandwell District - Double Day
2025-03-29 16:55:02,743 - ERROR - No se encontró letra para: Sandwell District - Immolare (First-Main-Final)
2025-03-29 16:55:05,346 - ERROR - No se encontró letra para: Sandwell District - Svar
2025-03-29 16:55:07,493 - ERROR - No se encontró letra para: Sandwell District - Hunting Lodge
2025-03-29 16:55:09,883 - ERROR - No se encontró letra para: Sandwell District - Grey Cut Out
2025-03-29 16:55:12,208 - ERROR - No se encontró letra para: Sandwell District - Speed + Sound (Endless)
2025-03-29 16:55:14,989 - ERROR - No se encontró letra para: Sandwell District - Falling The Same Way
2025-03-29 16:55:17,329 - ERROR - No se encontró letra para: Sandwell District - Surrender to the Unknown
