[0;32m[INFO][0m Validando entorno...
[0;34m[DEBUG][0m Reproductores disponibles: DeaDBeeF
[0;32m[INFO][0m Validación de entorno completada
[0;32m[INFO][0m === Iniciando VVMM Post Creator ===
[0;32m[INFO][0m Timestamp: sáb 28 jun 2025 00:17:55 CEST
[0;32m[INFO][0m Obteniendo metadata de la canción en reproducción...
[0;34m[DEBUG][0m Reproductor detectado: DeaDBeeF
[0;32m[INFO][0m Metadata obtenida: Talking Heads - Remain in Light
[0;34m[DEBUG][0m Título: Once in a Lifetime
[0;34m[DEBUG][0m Reproductor: DeaDBeeF
[0;32m[INFO][0m 🔍 Verificando base de datos antes de usar scripts...
[0;32m[INFO][0m Verificando si existe información en la base de datos...
[0;33m[WARN][0m Error consultando base de datos, usando scripts tradicionales
[0;32m[INFO][0m ℹ️  No encontrado en base de datos, usando flujo tradicional
[0;32m[INFO][0m 🔧 Ejecutando flujo tradicional completo...
[0;32m[INFO][0m Solicitando tags al usuario...
[0;32m[INFO][0m Tags obtenidos: new-wave funk rock
[0;32m[INFO][0m Actualizando playlists de Spotify...
[0;34m[DEBUG][0m Entorno virtual Python activado: /home/huan/Scripts/python_venv
[0;32m[INFO][0m Playlists de Spotify actualizadas
[0;32m[INFO][0m Markdown de playlists generado
[0;32m[INFO][0m About.md actualizado con playlists
[0;32m[INFO][0m Buscando enlaces en servicios musicales...
[0;34m[DEBUG][0m Entorno virtual Python activado: /home/huan/Scripts/python_venv
[0;32m[INFO][0m Buscando en Bandcamp...
[0;32m[INFO][0m Buscando en Last.fm...
[0;32m[INFO][0m Buscando en MusicBrainz...
[0;32m[INFO][0m Buscando en Spotify...
[0;32m[INFO][0m Buscando en YouTube...
[0;32m[INFO][0m Buscando en Wikipedia...
[0;32m[INFO][0m Buscando en Discogs...
[0;32m[INFO][0m Master ID obtenido: 25688
[0;32m[INFO][0m Búsqueda en servicios completada
[0;32m[INFO][0m Generando enlaces para servicios...
[0;32m[INFO][0m Enlaces generados
[0;32m[INFO][0m Creando post de Hugo...
[0;32m[INFO][0m Post creado con Hugo
[0;32m[INFO][0m Post creado: /mnt/NFS/blogs/vvmm/content/posts/Talking-Heads-_-Remain-in-Light/index.md
[0;32m[INFO][0m Añadiendo contenido al post...
[0;32m[INFO][0m Enlaces añadidos al post
[0;32m[INFO][0m Añadiendo información de Discogs...
[0;34m[DEBUG][0m Entorno virtual Python activado: /home/huan/Scripts/python_venv
[0;32m[INFO][0m Añadiendo info desde master ID
[0;32m[INFO][0m Información de Discogs añadida
[0;32m[INFO][0m Descargando carátula...
[0;34m[DEBUG][0m Entorno virtual Python activado: /home/huan/Scripts/python_venv
[0;32m[INFO][0m Carátula descargada desde Spotify
[0;32m[INFO][0m Añadiendo tags al post...
[0;32m[INFO][0m Tags añadidos al post
[0;32m[INFO][0m Formateando contenido del post...
[0;32m[INFO][0m Contenido formateado
[0;32m[INFO][0m Intentando añadir a playlist de Spotify...
[0;32m[INFO][0m Añadiendo canción a playlist de Spotify (opcional)...
[0;34m[DEBUG][0m Entorno virtual Python activado: /home/huan/Scripts/python_venv
[0;32m[INFO][0m Buscando 'Talking Heads - Once in a Lifetime' en Spotify...
[0;32m[INFO][0m Canción encontrada en Spotify (ID: 2WM63pILSg...)
[0;32m[INFO][0m Añadiendo canción a playlist...
[0;33m[WARN][0m Error al añadir canción a playlist, pero post creado exitosamente
[0;32m[INFO][0m ✅ Integración con Spotify completada
[0;32m[INFO][0m Mostrando preview del sitio...
[0;32m[INFO][0m Iniciando servidor de preview...
[0;32m[INFO][0m Preview completado
[0;32m[INFO][0m Construyendo y publicando sitio...
[0;32m[INFO][0m Sitio construido con Hugo
[0;32m[INFO][0m Subiendo cambios a GitHub...
[0;32m[INFO][0m Cambios subidos a GitHub
[0;32m[INFO][0m ✅ Post creado exitosamente usando búsquedas en servicios
[0;32m[INFO][0m === VVMM Post Creator finalizado ===
[0;32m[INFO][0m VVMM Post Creator completado exitosamente
[0;32m[INFO][0m Ejecutando limpieza...
[0;32m[INFO][0m Limpieza completada
[0;32m[INFO][0m Validando entorno...
[0;34m[DEBUG][0m Reproductores disponibles: DeaDBeeF
[0;32m[INFO][0m Validación de entorno completada
[0;32m[INFO][0m === Iniciando VVMM Post Creator ===
[0;32m[INFO][0m Timestamp: sáb 28 jun 2025 00:23:47 CEST
[0;32m[INFO][0m Obteniendo metadata de la canción en reproducción...
[0;34m[DEBUG][0m Reproductor detectado: DeaDBeeF
[0;32m[INFO][0m Metadata obtenida: The Beach Boys - Pet Sounds
[0;34m[DEBUG][0m Título: God Only Knows
[0;34m[DEBUG][0m Reproductor: DeaDBeeF
[0;32m[INFO][0m 🔍 Verificando base de datos antes de usar scripts...
[0;32m[INFO][0m Verificando si existe información en la base de datos...
[0;33m[WARN][0m Error consultando base de datos, usando scripts tradicionales
[0;32m[INFO][0m ℹ️  No encontrado en base de datos, usando flujo tradicional
[0;32m[INFO][0m 🔧 Ejecutando flujo tradicional completo...
[0;32m[INFO][0m Solicitando tags al usuario...
[0;33m[WARN][0m Post cancelado: Sin tags proporcionados
[0;32m[INFO][0m Ejecutando limpieza...
[0;32m[INFO][0m Limpieza completada
[0;32m[INFO][0m Validando entorno...
[0;34m[DEBUG][0m Reproductores disponibles: DeaDBeeF
[0;32m[INFO][0m Validación de entorno completada
[0;32m[INFO][0m === Iniciando VVMM Post Creator ===
[0;32m[INFO][0m Timestamp: sáb 28 jun 2025 00:25:01 CEST
[0;32m[INFO][0m Obteniendo metadata de la canción en reproducción...
[0;34m[DEBUG][0m Reproductor detectado: DeaDBeeF
[0;32m[INFO][0m Metadata obtenida: The Beach Boys - Pet Sounds
[0;34m[DEBUG][0m Título: God Only Knows
[0;34m[DEBUG][0m Reproductor: DeaDBeeF
[0;32m[INFO][0m 🔍 Verificando base de datos antes de usar scripts...
[0;32m[INFO][0m Verificando si existe información en la base de datos...
[0;33m[WARN][0m Error consultando base de datos, usando scripts tradicionales
[0;32m[INFO][0m ℹ️  No encontrado en base de datos, usando flujo tradicional
[0;32m[INFO][0m 🔧 Ejecutando flujo tradicional completo...
[0;32m[INFO][0m Solicitando tags al usuario...
[0;33m[WARN][0m Post cancelado: Sin tags proporcionados
[0;32m[INFO][0m Ejecutando limpieza...
[0;32m[INFO][0m Limpieza completada
[0;32m[INFO][0m Validando entorno...
[0;34m[DEBUG][0m Reproductores disponibles: DeaDBeeF
[0;32m[INFO][0m Validación de entorno completada
[0;32m[INFO][0m === Iniciando VVMM Post Creator ===
[0;32m[INFO][0m Timestamp: sáb 28 jun 2025 00:28:06 CEST
[0;32m[INFO][0m Obteniendo metadata de la canción en reproducción...
[0;34m[DEBUG][0m Reproductor detectado: DeaDBeeF
[0;32m[INFO][0m Metadata obtenida: The Beach Boys - Party 2015 AP Hybrid SACD
[0;34m[DEBUG][0m Título: Tell Me Why (Stereo)
[0;34m[DEBUG][0m Reproductor: DeaDBeeF
[0;32m[INFO][0m 🔍 Verificando base de datos antes de usar scripts...
[0;32m[INFO][0m Verificando si existe información en la base de datos...
[0;33m[WARN][0m Error consultando base de datos, usando scripts tradicionales
[0;32m[INFO][0m ℹ️  No encontrado en base de datos, usando flujo tradicional
[0;32m[INFO][0m 🔧 Ejecutando flujo tradicional completo...
[0;32m[INFO][0m Solicitando tags al usuario...
[0;33m[WARN][0m Post cancelado: Sin tags proporcionados
[0;32m[INFO][0m Ejecutando limpieza...
[0;32m[INFO][0m Limpieza completada
[0;32m[INFO][0m Validando entorno...
[0;34m[DEBUG][0m Reproductores disponibles: DeaDBeeF
[0;32m[INFO][0m Validación de entorno completada
[0;32m[INFO][0m === Iniciando VVMM Post Creator ===
[0;32m[INFO][0m Timestamp: sáb 28 jun 2025 00:29:14 CEST
[0;32m[INFO][0m Obteniendo metadata de la canción en reproducción...
[0;34m[DEBUG][0m Reproductor detectado: DeaDBeeF
[0;32m[INFO][0m Metadata obtenida: The Beach Boys - Pet Sounds
[0;34m[DEBUG][0m Título: God Only Knows
[0;34m[DEBUG][0m Reproductor: DeaDBeeF
[0;32m[INFO][0m 🔍 Verificando base de datos antes de usar scripts...
[0;32m[INFO][0m Verificando si existe información en la base de datos...
[0;33m[WARN][0m Error consultando base de datos, usando scripts tradicionales
[0;32m[INFO][0m ℹ️  No encontrado en base de datos, usando flujo tradicional
[0;32m[INFO][0m 🔧 Ejecutando flujo tradicional completo...
[0;32m[INFO][0m Solicitando tags al usuario...
[0;33m[WARN][0m Post cancelado: Sin tags proporcionados
[0;32m[INFO][0m Ejecutando limpieza...
[0;32m[INFO][0m Limpieza completada
[0;32m[INFO][0m Validando entorno...
[0;34m[DEBUG][0m Reproductores disponibles: DeaDBeeF
[0;32m[INFO][0m Validación de entorno completada
[0;32m[INFO][0m === Iniciando VVMM Post Creator ===
[0;32m[INFO][0m Timestamp: sáb 28 jun 2025 00:30:09 CEST
[0;32m[INFO][0m Obteniendo metadata de la canción en reproducción...
[0;34m[DEBUG][0m Reproductor detectado: DeaDBeeF
[0;32m[INFO][0m Metadata obtenida: The Beach Boys - Pet Sounds
[0;34m[DEBUG][0m Título: God Only Knows
[0;34m[DEBUG][0m Reproductor: DeaDBeeF
[0;32m[INFO][0m 🔍 Verificando base de datos antes de usar scripts...
[0;32m[INFO][0m Verificando si existe información en la base de datos...
[0;33m[WARN][0m Error consultando base de datos, usando scripts tradicionales
[0;32m[INFO][0m ℹ️  No encontrado en base de datos, usando flujo tradicional
[0;32m[INFO][0m 🔧 Ejecutando flujo tradicional completo...
[0;32m[INFO][0m Solicitando tags al usuario...
[0;33m[WARN][0m Post cancelado: Sin tags proporcionados
[0;32m[INFO][0m Ejecutando limpieza...
[0;32m[INFO][0m Limpieza completada
[0;32m[INFO][0m Validando entorno...
[0;34m[DEBUG][0m Reproductores disponibles: DeaDBeeF
[0;32m[INFO][0m Validación de entorno completada
[0;32m[INFO][0m === Iniciando VVMM Post Creator ===
[0;32m[INFO][0m Timestamp: sáb 28 jun 2025 00:32:11 CEST
[0;32m[INFO][0m Obteniendo metadata de la canción en reproducción...
[0;34m[DEBUG][0m Reproductor detectado: DeaDBeeF
[0;32m[INFO][0m Metadata obtenida: Fuck Buttons - Street Horrrsing
[0;34m[DEBUG][0m Título: Sweet Love for Planet Earth
[0;34m[DEBUG][0m Reproductor: DeaDBeeF
[0;32m[INFO][0m 🔍 Verificando base de datos antes de usar scripts...
[0;32m[INFO][0m Verificando si existe información en la base de datos...
[0;33m[WARN][0m Error consultando base de datos, usando scripts tradicionales
[0;32m[INFO][0m ℹ️  No encontrado en base de datos, usando flujo tradicional
[0;32m[INFO][0m 🔧 Ejecutando flujo tradicional completo...
[0;32m[INFO][0m Solicitando tags al usuario...
[0;33m[WARN][0m Post cancelado: Sin tags proporcionados
[0;32m[INFO][0m Ejecutando limpieza...
[0;32m[INFO][0m Limpieza completada
[0;32m[INFO][0m Validando entorno...
[0;34m[DEBUG][0m Reproductores disponibles: DeaDBeeF
[0;32m[INFO][0m Validación de entorno completada
[0;32m[INFO][0m === Iniciando VVMM Post Creator ===
[0;32m[INFO][0m Timestamp: sáb 28 jun 2025 00:36:24 CEST
[0;32m[INFO][0m Obteniendo metadata de la canción en reproducción...
[0;34m[DEBUG][0m Reproductor detectado: DeaDBeeF
[0;32m[INFO][0m Metadata obtenida: Fuck Buttons - Street Horrrsing
[0;34m[DEBUG][0m Título: Sweet Love for Planet Earth
[0;34m[DEBUG][0m Reproductor: DeaDBeeF
[0;32m[INFO][0m 🔍 Verificando base de datos antes de usar scripts...
[0;32m[INFO][0m Verificando si existe información en la base de datos...
[0;34m[DEBUG][0m Buscando: ARTIST='Fuck Buttons', ALBUM='Street Horrrsing'
[0;32m[INFO][0m ¡Información encontrada en base de datos! Usando datos almacenados...
[0;34m[DEBUG][0m Datos obtenidos: Artist='Fuck Buttons', Album='Street Horrrsing'
[0;32m[INFO][0m Generando enlaces desde base de datos...
[0;32m[INFO][0m Enlaces generados desde base de datos
[0;32m[INFO][0m Creando post usando información de base de datos...
[0;32m[INFO][0m Creando post de Hugo...
[0;33m[WARN][0m El post ya existe: /mnt/NFS/blogs/vvmm/content/posts/Fuck-Buttons-_-Street-Horrrsing/index.md
[0;32m[INFO][0m Ejecutando limpieza...
[0;32m[INFO][0m Limpieza completada
[0;32m[INFO][0m Validando entorno...
[0;34m[DEBUG][0m Reproductores disponibles: DeaDBeeF
[0;32m[INFO][0m Validación de entorno completada
[0;32m[INFO][0m === Iniciando VVMM Post Creator ===
[0;32m[INFO][0m Timestamp: sáb 28 jun 2025 00:40:05 CEST
[0;32m[INFO][0m Obteniendo metadata de la canción en reproducción...
[0;34m[DEBUG][0m Reproductor detectado: DeaDBeeF
[0;32m[INFO][0m Metadata obtenida: Barbara Mason - I Am Your Woman She Is Your Wife
[0;34m[DEBUG][0m Título: I Am Your Woman, She Is Your Wife
[0;34m[DEBUG][0m Reproductor: DeaDBeeF
[0;32m[INFO][0m 🔍 Verificando base de datos antes de usar scripts...
[0;32m[INFO][0m Verificando si existe información en la base de datos...
[0;34m[DEBUG][0m Buscando: ARTIST='Barbara Mason', ALBUM='I Am Your Woman She Is Your Wife'
[0;32m[INFO][0m Álbum no encontrado en base de datos: Barbara Mason - I Am Your Woman She Is Your Wife
[0;32m[INFO][0m ℹ️  No encontrado en base de datos, usando flujo tradicional
[0;32m[INFO][0m 🔧 Ejecutando flujo tradicional completo...
[0;32m[INFO][0m Solicitando tags al usuario...
[0;32m[INFO][0m Tags obtenidos: disco funk
[0;32m[INFO][0m Actualizando playlists de Spotify...
[0;34m[DEBUG][0m Entorno virtual Python activado: /home/huan/Scripts/python_venv
[0;32m[INFO][0m Playlists de Spotify actualizadas
[0;32m[INFO][0m Markdown de playlists generado
[0;32m[INFO][0m About.md actualizado con playlists
[0;32m[INFO][0m Buscando enlaces en servicios musicales...
[0;34m[DEBUG][0m Entorno virtual Python activado: /home/huan/Scripts/python_venv
[0;32m[INFO][0m Buscando en Bandcamp...
[0;32m[INFO][0m Buscando en Last.fm...
[0;32m[INFO][0m Buscando en MusicBrainz...
[0;32m[INFO][0m Buscando en Spotify...
[0;32m[INFO][0m Buscando en YouTube...
[0;32m[INFO][0m Buscando en Wikipedia...
[0;32m[INFO][0m Buscando en Discogs...
[0;32m[INFO][0m Master ID obtenido: 157469
[0;32m[INFO][0m Búsqueda en servicios completada
[0;32m[INFO][0m Generando enlaces para servicios...
[0;32m[INFO][0m Enlaces generados
[0;32m[INFO][0m Creando post de Hugo...
[0;33m[WARN][0m El post ya existe: /mnt/NFS/blogs/vvmm/content/posts/Barbara-Mason-_-I-Am-Your-Woman-She-Is-Your-Wife/index.md
[0;32m[INFO][0m Ejecutando limpieza...
[0;32m[INFO][0m Limpieza completada
[0;32m[INFO][0m Validando entorno...
[0;34m[DEBUG][0m Reproductores disponibles: DeaDBeeF
[0;32m[INFO][0m Validación de entorno completada
[0;32m[INFO][0m === Iniciando VVMM Post Creator ===
[0;32m[INFO][0m Timestamp: sáb 28 jun 2025 00:41:45 CEST
[0;32m[INFO][0m Obteniendo metadata de la canción en reproducción...
[0;34m[DEBUG][0m Reproductor detectado: DeaDBeeF
[0;32m[INFO][0m Metadata obtenida: The Beach Boys - Pet Sounds
[0;34m[DEBUG][0m Título: God Only Knows
[0;34m[DEBUG][0m Reproductor: DeaDBeeF
[0;32m[INFO][0m 🔍 Verificando base de datos antes de usar scripts...
[0;32m[INFO][0m Verificando si existe información en la base de datos...
[0;34m[DEBUG][0m Buscando: ARTIST='The Beach Boys', ALBUM='Pet Sounds'
[0;32m[INFO][0m ¡Información encontrada en base de datos! Usando datos almacenados...
[0;34m[DEBUG][0m Datos obtenidos: Artist='The Beach Boys', Album='Pet Sounds (UDSACD)'
[0;32m[INFO][0m Generando enlaces desde base de datos...
[0;32m[INFO][0m Enlaces generados desde base de datos
[0;32m[INFO][0m Creando post usando información de base de datos...
[0;32m[INFO][0m Creando post de Hugo...
[0;32m[INFO][0m Post creado con Hugo
[0;32m[INFO][0m Post creado: /mnt/NFS/blogs/vvmm/content/posts/The-Beach-Boys-_-Pet-Sounds/index.md
[0;32m[INFO][0m Añadiendo contenido al post...
[0;32m[INFO][0m Enlaces añadidos al post
[0;32m[INFO][0m Añadiendo información de la base de datos al post...
[0;32m[INFO][0m Información de base de datos añadida al post
[0;32m[INFO][0m Obteniendo tracklist desde base de datos...
[0;32m[INFO][0m VVMM Post Creator completado exitosamente
[0;32m[INFO][0m Ejecutando limpieza...
[0;32m[INFO][0m Limpieza completada
[0;32m[INFO][0m Validando entorno...
[0;34m[DEBUG][0m Reproductores disponibles: DeaDBeeF
[0;32m[INFO][0m Validación de entorno completada
[0;32m[INFO][0m === Iniciando VVMM Post Creator ===
[0;32m[INFO][0m Timestamp: sáb 28 jun 2025 00:45:15 CEST
[0;32m[INFO][0m Obteniendo metadata de la canción en reproducción...
[0;34m[DEBUG][0m Reproductor detectado: DeaDBeeF
[0;32m[INFO][0m Metadata obtenida: The Beach Boys - Pet Sounds
[0;34m[DEBUG][0m Título: God Only Knows
[0;34m[DEBUG][0m Reproductor: DeaDBeeF
[0;32m[INFO][0m 🔍 Verificando base de datos antes de usar scripts...
[0;32m[INFO][0m Verificando si existe información en la base de datos...
[0;34m[DEBUG][0m Buscando: ARTIST='The Beach Boys', ALBUM='Pet Sounds'
[0;32m[INFO][0m ¡Información encontrada en base de datos! Usando datos almacenados...
[0;34m[DEBUG][0m Datos obtenidos: Artist='The Beach Boys', Album='Pet Sounds (UDSACD)'
[0;32m[INFO][0m Generando enlaces desde base de datos...
[0;32m[INFO][0m Enlaces generados desde base de datos
[0;32m[INFO][0m Creando post usando información de base de datos...
[0;32m[INFO][0m Creando post de Hugo...
[0;33m[WARN][0m El post ya existe: /mnt/NFS/blogs/vvmm/content/posts/The-Beach-Boys-_-Pet-Sounds/index.md
[0;32m[INFO][0m Ejecutando limpieza...
[0;32m[INFO][0m Limpieza completada
[0;32m[INFO][0m Validando entorno...
[0;34m[DEBUG][0m Reproductores disponibles: DeaDBeeF
[0;32m[INFO][0m Validación de entorno completada
[0;32m[INFO][0m === Iniciando VVMM Post Creator ===
[0;32m[INFO][0m Timestamp: sáb 28 jun 2025 00:47:56 CEST
[0;32m[INFO][0m Obteniendo metadata de la canción en reproducción...
[0;34m[DEBUG][0m Reproductor detectado: DeaDBeeF
[0;32m[INFO][0m Metadata obtenida: Kings of Convenience - Riot on an Empty Street
[0;34m[DEBUG][0m Título: I'd Rather Dance With You
[0;34m[DEBUG][0m Reproductor: DeaDBeeF
[0;32m[INFO][0m 🔍 Verificando base de datos antes de usar scripts...
[0;32m[INFO][0m Verificando si existe información en la base de datos...
[0;34m[DEBUG][0m Buscando: ARTIST='Kings of Convenience', ALBUM='Riot on an Empty Street'
[0;32m[INFO][0m ¡Información encontrada en base de datos! Usando datos almacenados...
[0;34m[DEBUG][0m Datos obtenidos: Artist='Kings of Convenience', Album='Riot on an Empty Street'
[0;32m[INFO][0m Generando enlaces desde base de datos...
[0;32m[INFO][0m Enlaces generados desde base de datos
[0;32m[INFO][0m Creando post usando información de base de datos...
[0;32m[INFO][0m Creando post de Hugo...
[0;32m[INFO][0m Post creado con Hugo
[0;32m[INFO][0m Post creado: /mnt/NFS/blogs/vvmm/content/posts/Kings-of-Convenience-_-Riot-on-an-Empty-Street/index.md
[0;32m[INFO][0m Añadiendo contenido al post...
[0;32m[INFO][0m Enlaces añadidos al post
[0;32m[INFO][0m Añadiendo información de la base de datos al post...
[0;32m[INFO][0m Información de base de datos añadida al post
[0;32m[INFO][0m Obteniendo tracklist desde base de datos...
[0;32m[INFO][0m Tracklist añadido desde base de datos
[0;32m[INFO][0m Intentando usar carátula desde base de datos...
[0;32m[INFO][0m Carátula copiada desde ruta local: /mnt/NFS/moode/moode/K/Kings Of Convenience/(2004) Riot On An Empty Street/cover.jpg
[0;32m[INFO][0m ✅ Información encontrada en base de datos, saltando búsquedas en servicios
[0;32m[INFO][0m 📝 Completando post con información de base de datos...
[0;32m[INFO][0m Solicitando tags al usuario...
[0;32m[INFO][0m Tags obtenidos: pop vocal obra_maestra
[0;32m[INFO][0m Añadiendo tags al post...
[0;32m[INFO][0m Tags añadidos al post
[0;32m[INFO][0m Formateando contenido del post...
[0;32m[INFO][0m Contenido formateado
[0;32m[INFO][0m Intentando añadir a playlist de Spotify...
[0;32m[INFO][0m Añadiendo canción a playlist de Spotify (opcional)...
[0;34m[DEBUG][0m Entorno virtual Python activado: /home/huan/Scripts/python_venv
[0;32m[INFO][0m Buscando 'Kings of Convenience - I'd Rather Dance With You' en Spotify...
[0;32m[INFO][0m Canción encontrada en Spotify (ID: 119MXpXxpY...)
[0;32m[INFO][0m Añadiendo canción a playlist...
[0;33m[WARN][0m Error al añadir canción a playlist, pero post creado exitosamente
[0;32m[INFO][0m ✅ Integración con Spotify completada
[0;32m[INFO][0m Mostrando preview del sitio...
[0;32m[INFO][0m Iniciando servidor de preview...
[0;32m[INFO][0m Preview completado
[0;32m[INFO][0m Construyendo y publicando sitio...
[0;32m[INFO][0m Sitio construido con Hugo
[0;32m[INFO][0m Subiendo cambios a GitHub...
[0;32m[INFO][0m Cambios subidos a GitHub
[0;32m[INFO][0m ✅ Post creado exitosamente usando información de base de datos
[0;32m[INFO][0m === VVMM Post Creator finalizado ===
[0;32m[INFO][0m VVMM Post Creator completado exitosamente
[0;32m[INFO][0m Ejecutando limpieza...
[0;32m[INFO][0m Limpieza completada
[0;32m[INFO][0m Validando entorno...
[0;34m[DEBUG][0m Reproductores disponibles: DeaDBeeF
firefox.instance_1_45
[0;32m[INFO][0m Validación de entorno completada
[0;32m[INFO][0m === Iniciando VVMM Post Creator ===
[0;32m[INFO][0m Timestamp: sáb 28 jun 2025 23:03:11 CEST
[0;32m[INFO][0m Obteniendo metadata de la canción en reproducción...
[0;34m[DEBUG][0m Reproductor detectado: DeaDBeeF
[0;32m[INFO][0m Metadata obtenida: Viagra Boys - viagr aboys
[0;34m[DEBUG][0m Título: You N33d Me
[0;34m[DEBUG][0m Reproductor: DeaDBeeF
[0;32m[INFO][0m 🔍 Verificando base de datos antes de usar scripts...
[0;32m[INFO][0m Verificando si existe información en la base de datos...
[0;34m[DEBUG][0m Buscando: ARTIST='Viagra Boys', ALBUM='viagr aboys'
[0;32m[INFO][0m ¡Información encontrada en base de datos! Usando datos almacenados...
[0;34m[DEBUG][0m Datos obtenidos: Artist='Viagra Boys', Album='viagr aboys'
[0;32m[INFO][0m Generando enlaces desde base de datos...
[0;32m[INFO][0m Enlaces generados desde base de datos
[0;32m[INFO][0m Creando post usando información de base de datos...
[0;32m[INFO][0m Creando post de Hugo...
[0;32m[INFO][0m Post creado con Hugo
[0;32m[INFO][0m Post creado: /mnt/NFS/blogs/vvmm/content/posts/Viagra-Boys-_-viagr-aboys/index.md
[0;32m[INFO][0m Añadiendo contenido al post...
[0;32m[INFO][0m Enlaces añadidos al post
[0;32m[INFO][0m Añadiendo información de la base de datos al post...
[0;32m[INFO][0m Información de base de datos añadida al post
[0;32m[INFO][0m Obteniendo tracklist desde base de datos...
[0;32m[INFO][0m Tracklist añadido desde base de datos
[0;32m[INFO][0m Intentando usar carátula desde base de datos...
[0;32m[INFO][0m Carátula copiada desde ruta local: /mnt/NFS/moode/moode/V/Viagra Boys/( 2025) viagr aboys (Shrimptech Enterprises)/Disc 1/cover.jpg
[0;32m[INFO][0m ✅ Información encontrada en base de datos, saltando búsquedas en servicios
[0;32m[INFO][0m 📝 Completando post con información de base de datos...
[0;32m[INFO][0m Solicitando tags al usuario...
[0;32m[INFO][0m Tags obtenidos: punk dance-punk
[0;32m[INFO][0m Añadiendo tags al post...
[0;32m[INFO][0m Tags añadidos al post
[0;32m[INFO][0m Formateando contenido del post...
[0;32m[INFO][0m Contenido formateado
[0;32m[INFO][0m Intentando añadir a playlist de Spotify...
[0;32m[INFO][0m Añadiendo canción a playlist de Spotify (opcional)...
[0;34m[DEBUG][0m Entorno virtual Python activado: /home/huan/Scripts/python_venv
[0;32m[INFO][0m Buscando 'Viagra Boys - You N33d Me' en Spotify...
[0;32m[INFO][0m Canción encontrada en Spotify (ID: 1xYF92gHcz...)
[0;32m[INFO][0m Añadiendo canción a playlist...
[0;33m[WARN][0m Error al añadir canción a playlist, pero post creado exitosamente
[0;32m[INFO][0m ✅ Integración con Spotify completada
[0;32m[INFO][0m Mostrando preview del sitio...
[0;32m[INFO][0m Iniciando servidor de preview...
[0;32m[INFO][0m Preview completado
[0;32m[INFO][0m Construyendo y publicando sitio...
[0;32m[INFO][0m Sitio construido con Hugo
[0;32m[INFO][0m Subiendo cambios a GitHub...
[0;32m[INFO][0m Cambios subidos a GitHub
[0;32m[INFO][0m ✅ Post creado exitosamente usando información de base de datos
[0;32m[INFO][0m === VVMM Post Creator finalizado ===
[0;32m[INFO][0m VVMM Post Creator completado exitosamente
[0;32m[INFO][0m Ejecutando limpieza...
[0;32m[INFO][0m Limpieza completada
[0;32m[INFO][0m Validando entorno...
[0;34m[DEBUG][0m Reproductores disponibles: DeaDBeeF
Supersonic
chromium.instance195637
firefox.instance_1_45
[0;32m[INFO][0m Validación de entorno completada
[0;32m[INFO][0m === Iniciando VVMM Post Creator ===
[0;32m[INFO][0m Timestamp: sáb 28 jun 2025 23:43:57 CEST
[0;32m[INFO][0m Obteniendo metadata de la canción en reproducción...
[0;34m[DEBUG][0m Reproductor detectado: DeaDBeeF
[0;32m[INFO][0m Metadata obtenida: Cult Of Luna - A Dawn to Fear
[0;34m[DEBUG][0m Título: The Silent Man
[0;34m[DEBUG][0m Reproductor: DeaDBeeF
[0;32m[INFO][0m 🔍 Verificando base de datos antes de usar scripts...
[0;32m[INFO][0m Verificando si existe información en la base de datos...
[0;34m[DEBUG][0m Buscando: ARTIST='Cult Of Luna', ALBUM='A Dawn to Fear'
[0;32m[INFO][0m Álbum no encontrado en base de datos: Cult Of Luna - A Dawn to Fear
[0;32m[INFO][0m ℹ️  No encontrado en base de datos, usando flujo tradicional
[0;32m[INFO][0m 🔧 Ejecutando flujo tradicional completo...
[0;32m[INFO][0m Solicitando tags al usuario...
[0;32m[INFO][0m Tags obtenidos: atmospheric sludge-metal metal
[0;32m[INFO][0m Actualizando playlists de Spotify...
[0;34m[DEBUG][0m Entorno virtual Python activado: /home/huan/Scripts/python_venv
[0;32m[INFO][0m Ejecutando limpieza...
[0;32m[INFO][0m Limpieza completada
[0;33m[WARN][0m Error actualizando playlists de Spotify (continuando sin esta funcionalidad)
[0;33m[WARN][0m Error actualizando playlists de Spotify, continuando...
[0;32m[INFO][0m Buscando enlaces en servicios musicales...
[0;34m[DEBUG][0m Entorno virtual Python activado: /home/huan/Scripts/python_venv
[0;32m[INFO][0m Buscando en Bandcamp...
[0;32m[INFO][0m Buscando en Last.fm...
[0;32m[INFO][0m Buscando en MusicBrainz...
[0;32m[INFO][0m Buscando en Spotify...
[0;32m[INFO][0m Ejecutando limpieza...
[0;32m[INFO][0m Limpieza completada
[0;32m[INFO][0m Buscando en YouTube...
[0;32m[INFO][0m Ejecutando limpieza...
[0;32m[INFO][0m Limpieza completada
[0;32m[INFO][0m Buscando en Wikipedia...
[0;32m[INFO][0m Ejecutando limpieza...
[0;32m[INFO][0m Limpieza completada
[0;32m[INFO][0m Buscando en Discogs...
[0;32m[INFO][0m Ejecutando limpieza...
[0;32m[INFO][0m Limpieza completada
[0;32m[INFO][0m Master ID obtenido: 
[0;32m[INFO][0m Búsqueda en servicios completada
[0;32m[INFO][0m Generando enlaces para servicios...
[0;32m[INFO][0m Enlaces generados
[0;32m[INFO][0m Creando post de Hugo...
[0;32m[INFO][0m Ejecutando limpieza...
[0;32m[INFO][0m Limpieza completada
[0;31m[ERROR][0m Error al crear post con Hugo: Proceso interrumpido.
[0;32m[INFO][0m Ejecutando limpieza...
[0;32m[INFO][0m Limpieza completada
[0;32m[INFO][0m Validando entorno...
[0;34m[DEBUG][0m Reproductores disponibles: DeaDBeeF
Supersonic
chromium.instance195637
firefox.instance_1_45
[0;32m[INFO][0m Validación de entorno completada
[0;32m[INFO][0m === Iniciando VVMM Post Creator ===
[0;32m[INFO][0m Timestamp: sáb 28 jun 2025 23:45:29 CEST
[0;32m[INFO][0m Obteniendo metadata de la canción en reproducción...
[0;34m[DEBUG][0m Reproductor detectado: DeaDBeeF
[0;32m[INFO][0m Metadata obtenida: Cult Of Luna - A Dawn to Fear
[0;34m[DEBUG][0m Título: The Silent Man
[0;34m[DEBUG][0m Reproductor: DeaDBeeF
[0;32m[INFO][0m 🔍 Verificando base de datos antes de usar scripts...
[0;32m[INFO][0m Verificando si existe información en la base de datos...
[0;34m[DEBUG][0m Buscando: ARTIST='Cult Of Luna', ALBUM='A Dawn to Fear'
[0;32m[INFO][0m Álbum no encontrado en base de datos: Cult Of Luna - A Dawn to Fear
[0;32m[INFO][0m ℹ️  No encontrado en base de datos, usando flujo tradicional
[0;32m[INFO][0m 🔧 Ejecutando flujo tradicional completo...
[0;32m[INFO][0m Solicitando tags al usuario...
[0;32m[INFO][0m Tags obtenidos: atmospheric sludge-metal metal
[0;32m[INFO][0m Actualizando playlists de Spotify...
[0;34m[DEBUG][0m Entorno virtual Python activado: /home/huan/Scripts/python_venv
[0;32m[INFO][0m Playlists de Spotify actualizadas
[0;32m[INFO][0m Markdown de playlists generado
[0;32m[INFO][0m About.md actualizado con playlists
[0;32m[INFO][0m Buscando enlaces en servicios musicales...
[0;34m[DEBUG][0m Entorno virtual Python activado: /home/huan/Scripts/python_venv
[0;32m[INFO][0m Buscando en Bandcamp...
[0;32m[INFO][0m Buscando en Last.fm...
[0;32m[INFO][0m Buscando en MusicBrainz...
[0;32m[INFO][0m Buscando en Spotify...
[0;32m[INFO][0m Buscando en YouTube...
[0;32m[INFO][0m Buscando en Wikipedia...
[0;32m[INFO][0m Buscando en Discogs...
[0;32m[INFO][0m Master ID obtenido: 1608308
[0;32m[INFO][0m Búsqueda en servicios completada
[0;32m[INFO][0m Generando enlaces para servicios...
[0;32m[INFO][0m Enlaces generados
[0;32m[INFO][0m Creando post de Hugo...
[0;33m[WARN][0m El post ya existe: /mnt/NFS/blogs/vvmm/content/posts/Cult-Of-Luna-_-A-Dawn-to-Fear/index.md
[0;32m[INFO][0m Ejecutando limpieza...
[0;32m[INFO][0m Limpieza completada
