[0;32m[INFO][0m Validando entorno...
[0;34m[DEBUG][0m Reproductores disponibles: DeaDBeeF
Supersonic
chromium.instance195637
[0;32m[INFO][0m Validación de entorno completada
[0;32m[INFO][0m === Iniciando VVMM Post Creator ===
[0;32m[INFO][0m Timestamp: dom 29 jun 2025 01:05:33 CEST
[0;32m[INFO][0m Obteniendo metadata de la canción en reproducción...
[0;34m[DEBUG][0m Reproductor detectado: DeaDBeeF
[0;32m[INFO][0m Metadata obtenida: Elvis Costello and The Attractions - Spanish Model
[0;34m[DEBUG][0m Título: Yo Te Vi (The Beat) (feat. Draco Rosa)
[0;34m[DEBUG][0m Reproductor: DeaDBeeF
[0;32m[INFO][0m 🔍 Verificando base de datos antes de usar scripts...
[0;32m[INFO][0m Verificando si existe información en la base de datos...
[0;34m[DEBUG][0m Buscando: ARTIST='Elvis Costello and The Attractions', ALBUM='Spanish Model'
[0;32m[INFO][0m Álbum no encontrado en base de datos: Elvis Costello and The Attractions - Spanish Model
[0;32m[INFO][0m ℹ️  No encontrado en base de datos, usando flujo tradicional
[0;32m[INFO][0m 🔧 Ejecutando flujo tradicional completo...
[0;32m[INFO][0m Solicitando tags al usuario...
[0;32m[INFO][0m Tags obtenidos: rock rock&roll
[0;32m[INFO][0m Actualizando playlists de Spotify...
[0;34m[DEBUG][0m Entorno virtual Python activado: /home/huan/Scripts/python_venv
[0;32m[INFO][0m Playlists de Spotify actualizadas
[0;32m[INFO][0m Markdown de playlists generado
[0;32m[INFO][0m About.md actualizado con playlists
[0;32m[INFO][0m Buscando enlaces en servicios musicales...
[0;34m[DEBUG][0m Entorno virtual Python activado: /home/huan/Scripts/python_venv
[0;32m[INFO][0m Buscando en Bandcamp...
[0;32m[INFO][0m Buscando en Last.fm...
[0;32m[INFO][0m Buscando en MusicBrainz...
[0;32m[INFO][0m Buscando en Spotify...
[0;32m[INFO][0m Buscando en YouTube...
[0;32m[INFO][0m Buscando en Wikipedia...
[0;32m[INFO][0m Buscando en Discogs...
[0;32m[INFO][0m Master ID obtenido: 2296276
[0;32m[INFO][0m Búsqueda en servicios completada
[0;32m[INFO][0m Generando enlaces para servicios...
[0;32m[INFO][0m Enlaces generados
[0;32m[INFO][0m Creando post de Hugo...
[0;32m[INFO][0m Post creado con Hugo
[0;32m[INFO][0m Post creado: /mnt/NFS/blogs/vvmm/content/posts/Elvis-Costello-and-The-Attractions-_-Spanish-Model/index.md
[0;32m[INFO][0m Añadiendo contenido al post...
[0;32m[INFO][0m Enlaces añadidos al post
[0;32m[INFO][0m Añadiendo información de Discogs...
[0;34m[DEBUG][0m Entorno virtual Python activado: /home/huan/Scripts/python_venv
[0;32m[INFO][0m Añadiendo info desde master ID
[0;32m[INFO][0m Información de Discogs añadida
[0;32m[INFO][0m Descargando carátula...
[0;34m[DEBUG][0m Entorno virtual Python activado: /home/huan/Scripts/python_venv
[0;32m[INFO][0m Carátula descargada desde Spotify
[0;32m[INFO][0m Añadiendo tags al post...
[0;32m[INFO][0m Tags añadidos al post
[0;32m[INFO][0m Formateando contenido del post...
[0;32m[INFO][0m Contenido formateado
[0;32m[INFO][0m Intentando añadir a playlist de Spotify...
[0;32m[INFO][0m Añadiendo canción a playlist de Spotify (opcional)...
[0;34m[DEBUG][0m Entorno virtual Python activado: /home/huan/Scripts/python_venv
[0;32m[INFO][0m Buscando 'Elvis Costello and The Attractions - Yo Te Vi (The Beat) (feat. Draco Rosa)' en Spotify...
[0;33m[WARN][0m No se pudo encontrar la canción en Spotify automáticamente
[0;34m[DEBUG][0m Resultado búsqueda: nocancion.
[0;32m[INFO][0m Canción encontrada en Spotify (ID: 6K5OKRk48c...)
[0;32m[INFO][0m Añadiendo canción a playlist...
[0;33m[WARN][0m Error al añadir canción a playlist, pero post creado exitosamente
[0;32m[INFO][0m ✅ Integración con Spotify completada
[0;32m[INFO][0m Mostrando preview del sitio...
[0;32m[INFO][0m Iniciando servidor de preview...
[0;32m[INFO][0m Preview completado
[0;32m[INFO][0m Construyendo y publicando sitio...
[0;32m[INFO][0m Sitio construido con Hugo
[0;32m[INFO][0m Subiendo cambios a GitHub...
[0;32m[INFO][0m Cambios subidos a GitHub
[0;32m[INFO][0m ✅ Post creado exitosamente usando búsquedas en servicios
[0;32m[INFO][0m === VVMM Post Creator finalizado ===
[0;32m[INFO][0m VVMM Post Creator completado exitosamente
[0;32m[INFO][0m Ejecutando limpieza...
[0;32m[INFO][0m Limpieza completada
